#
# A fatal error has been detected by the Java Runtime Environment:
#
#  EXCEPTION_ACCESS_VIOLATION (0xc0000005) at pc=0x00007ffe9aa4c0fc, pid=1072, tid=6460
#
# JRE version: Java(TM) SE Runtime Environment (23.0.2+7) (build 23.0.2+7-58)
# Java VM: Java HotSpot(TM) 64-Bit Server VM (23.0.2+7-58, mixed mode, sharing, tiered, compressed oops, compressed class ptrs, g1 gc, windows-amd64)
# Problematic frame:
# C  [awt.dll+0xdc0fc]
#
# No core dump will be written. Minidumps are not enabled by default on client versions of Windows
#
# If you would like to submit a bug report, please visit:
#   https://bugreport.java.com/bugreport/crash.jsp
# The crash happened outside the Java Virtual Machine in native code.
# See problematic frame for where to report the bug.
#

---------------  S U M M A R Y ------------

Command Line: Pl2_interfaz.Añadir_Evento

Host: Intel(R) Core(TM) i7-5820K CPU @ 3.30GHz, 12 cores, 31G,  Windows 10 , 64 bit Build 19041 (10.0.19041.5794)
Time: Tue May 20 19:34:16 2025 Hora de verano romance elapsed time: 55.332577 seconds (0d 0h 0m 55s)

---------------  T H R E A D  ---------------

Current thread (0x0000025f543b3b30):  JavaThread "AWT-Windows" daemon [_thread_in_native, id=6460, stack(0x000000f7d8f00000,0x000000f7d9000000) (1024K)]

Stack: [0x000000f7d8f00000,0x000000f7d9000000],  sp=0x000000f7d8ffe9a0,  free space=1018k
Native frames: (J=compiled Java code, j=interpreted, Vv=VM code, C=native code)
C  [awt.dll+0xdc0fc]  (no source info available)
C  [awt.dll+0x9788b]  (no source info available)
C  [awt.dll+0x978d6]  (no source info available)
C  [awt.dll+0x94ca6]  (no source info available)
C  [awt.dll+0xe0f7c]  (no source info available)
C  [awt.dll+0xb0d2d]  (no source info available)
C  [awt.dll+0x97e0d]  (no source info available)
C  [USER32.dll+0xef5c]  (no source info available)
C  [USER32.dll+0xe9de]  (no source info available)
C  [awt.dll+0x161c3]  (no source info available)
C  [COMCTL32.dll+0x89aaa]  (no source info available)
C  [COMCTL32.dll+0x898a7]  (no source info available)
C  [USER32.dll+0xef5c]  (no source info available)
C  [USER32.dll+0xe684]  (no source info available)
C  [awt.dll+0xd52fe]  (no source info available)
C  [awt.dll+0xd7232]  (no source info available)
C  0x0000025f0753d207  (no source info available)

The last pc belongs to native method entry point (kind = native) (printed below).
Java frames: (J=compiled Java code, j=interpreted, Vv=VM code)
j  sun.awt.windows.WToolkit.eventLoop()V+0 java.desktop@23.0.2
j  sun.awt.windows.WToolkit.run()V+50 java.desktop@23.0.2
j  java.lang.Thread.runWith(Ljava/lang/Object;Ljava/lang/Runnable;)V+5 java.base@23.0.2
j  java.lang.Thread.run()V+19 java.base@23.0.2
v  ~StubRoutines::call_stub 0x0000025f07530fcd

siginfo: EXCEPTION_ACCESS_VIOLATION (0xc0000005), reading address 0x0000025fd4a5b137


Registers:
RAX=0x0000025f62571b90, RBX=0x0000025f55eef300, RCX=0x0000025fd4a5b133, RDX=0x0000000000000000
RSP=0x000000f7d8ffe9a0, RBP=0x000000f7d8ffeaa9, RSI=0x0000025f566aae50, RDI=0x0000000000000000
R8 =0x0000000000000001, R9 =0x000000f7d8ffeaa9, R10=0x0000000000000000, R11=0x0000000000000246
R12=0x0000000000000000, R13=0x0000000000000310, R14=0x0000000000000000, R15=0x0000000000000000
RIP=0x00007ffe9aa4c0fc, EFLAGS=0x0000000000010246


Register to memory mapping:

RAX=0x0000025f62571b90 points into unknown readable memory: 0x0050005c003a0043 | 43 00 3a 00 5c 00 50 00
RBX=0x0000025f55eef300 points into unknown readable memory: 0x0000025f63aa7bf0 | f0 7b aa 63 5f 02 00 00
RCX=0x0000025fd4a5b133 is an unknown value
RDX=0x0 is null
RSP=0x000000f7d8ffe9a0 is pointing into the stack for thread: 0x0000025f543b3b30
RBP=0x000000f7d8ffeaa9 is pointing into the stack for thread: 0x0000025f543b3b30
RSI=0x0000025f566aae50 points into unknown readable memory: 0x00007ffe9aa7c860 | 60 c8 a7 9a fe 7f 00 00
RDI=0x0 is null
R8 =0x0000000000000001 is an unknown value
R9 =0x000000f7d8ffeaa9 is pointing into the stack for thread: 0x0000025f543b3b30
R10=0x0 is null
R11=0x0000000000000246 is an unknown value
R12=0x0 is null
R13=0x0000000000000310 is an unknown value
R14=0x0 is null
R15=0x0 is null

Top of Stack: (sp=0x000000f7d8ffe9a0)
0x000000f7d8ffe9a0:   00007ffe9aaa9838 0000000000000000
0x000000f7d8ffe9b0:   000000f7d8ffeaa9 000000f7d8ffeaa9
0x000000f7d8ffe9c0:   0000000000000000 00007ffe9aa0788b
0x000000f7d8ffe9d0:   0000000000000000 0000025f55eef300
0x000000f7d8ffe9e0:   0000000000000000 0000025f566aae50
0x000000f7d8ffe9f0:   0000000000000000 00007ffe9aa078d6
0x000000f7d8ffea00:   0000025f566aae50 00007ffe9a970000
0x000000f7d8ffea10:   0000000000000000 0000000000000000
0x000000f7d8ffea20:   0000000000000000 00007ffe9aa04ca6
0x000000f7d8ffea30:   0000025f566aae50 0000000000000000
0x000000f7d8ffea40:   0000000000000000 000000f7d8ffed90
0x000000f7d8ffea50:   000000000000c24d 0000025f626cebd8
0x000000f7d8ffea60:   0000000000000000 00007ffe0c8dffbe
0x000000f7d8ffea70:   0000000000000000 00007ffeaded9aaa
0x000000f7d8ffea80:   0000000000000000 00007ffec6289877
0x000000f7d8ffea90:   000000f7d8ffeb50 0000025f543b3ef0
0x000000f7d8ffeaa0:   0000025f566aaef0 0000000000000000
0x000000f7d8ffeab0:   00007ffe9aa71b0e 0000fb8a701358b0
0x000000f7d8ffeac0:   0000000000000001 0000000000000000
0x000000f7d8ffead0:   0000000000000000 0000000000000000
0x000000f7d8ffeae0:   0000000000000000 0000000000000310
0x000000f7d8ffeaf0:   0000000000000000 0000025f566aae50
0x000000f7d8ffeb00:   0000025f566aae50 00007ffe9aa50f7c
0x000000f7d8ffeb10:   0000000000000001 0000000000000000
0x000000f7d8ffeb20:   0000000000000000 00007ffea887bf22
0x000000f7d8ffeb30:   0000025f0000c24d 00007ffe9aa71b19
0x000000f7d8ffeb40:   0000000000000000 0000000000050a60
0x000000f7d8ffeb50:   0000025f670ef990 00007ffec46e0317
0x000000f7d8ffeb60:   0000000000000000 00007ffec6289993
0x000000f7d8ffeb70:   000000f7d77f9800 00000000ffffffeb
0x000000f7d8ffeb80:   0000000000000000 0000fb8a70135990
0x000000f7d8ffeb90:   000000f7d8ffed90 0000000000000000 

Instructions: (pc=0x00007ffe9aa4c0fc)
0x00007ffe9aa4bffc:   2b fe 66 90 8b 04 0f 89 01 48 8d 49 04 48 83 ea
0x00007ffe9aa4c00c:   01 75 f1 45 85 ff 7e 11 4d 8b c7 33 d2 49 c1 e0
0x00007ffe9aa4c01c:   02 49 8b ce e8 33 0b 01 00 48 8b 03 45 33 c9 4d
0x00007ffe9aa4c02c:   8b c6 48 8b d5 48 8b cb ff 90 f8 06 00 00 48 8b
0x00007ffe9aa4c03c:   03 45 33 c9 4c 8b c6 49 8b d4 48 8b cb ff 90 f8
0x00007ffe9aa4c04c:   06 00 00 4c 8b 05 5a a3 06 00 48 8b cb 48 8b 15
0x00007ffe9aa4c05c:   30 a3 06 00 e8 4b f4 fb ff e9 5d ff ff ff 48 8d
0x00007ffe9aa4c06c:   15 67 49 03 00 48 8b cb e8 3c d6 00 00 e9 58 ff
0x00007ffe9aa4c07c:   ff ff cc cc 48 89 5c 24 08 57 48 83 ec 20 8b f9
0x00007ffe9aa4c08c:   e8 0f bc f4 ff 48 8b d8 48 89 44 24 38 41 b8 01
0x00007ffe9aa4c09c:   00 00 00 8b d7 48 8b c8 e8 77 bb f4 ff 48 8b c8
0x00007ffe9aa4c0ac:   e8 8f fd ff ff 90 48 8b cb e8 a6 bd f4 ff 90 48
0x00007ffe9aa4c0bc:   8b 5c 24 30 48 83 c4 20 5f c3 cc cc cc cc cc cc
0x00007ffe9aa4c0cc:   cc cc cc cc 48 89 5c 24 08 57 48 83 ec 20 8b f9
0x00007ffe9aa4c0dc:   e8 bf bb f4 ff 48 8b d8 48 89 44 24 38 41 b8 01
0x00007ffe9aa4c0ec:   00 00 00 8b d7 48 8b c8 e8 27 bb f4 ff 48 8b 08
0x00007ffe9aa4c0fc:   83 79 04 08 7e 04 33 ff eb 0b 48 8b 48 08 e8 81
0x00007ffe9aa4c10c:   79 fe ff 8b f8 48 8b cb e8 47 bd f4 ff 90 8b c7
0x00007ffe9aa4c11c:   48 8b 5c 24 30 48 83 c4 20 5f c3 cc cc cc cc cc
0x00007ffe9aa4c12c:   cc cc cc cc 48 89 5c 24 08 48 89 74 24 10 48 89
0x00007ffe9aa4c13c:   7c 24 18 41 56 48 83 ec 30 41 8b f9 45 8b f0 48
0x00007ffe9aa4c14c:   8b f2 48 8b d9 e8 3a 8a 00 00 e8 75 ad ff ff 8b
0x00007ffe9aa4c15c:   44 24 68 89 44 24 20 44 8b 4c 24 60 44 8b c7 41
0x00007ffe9aa4c16c:   8b d6 48 8b cb e8 6a e6 ff ff 48 8b f8 48 85 c0
0x00007ffe9aa4c17c:   74 7f 48 8b 03 48 8b d6 48 8b cb ff 90 f8 00 00
0x00007ffe9aa4c18c:   00 48 8b d0 48 8b cb 48 85 c0 75 0e 48 8d 15 c1
0x00007ffe9aa4c19c:   49 03 00 e8 11 d5 00 00 eb 57 48 8b 03 4c 8d 0d
0x00007ffe9aa4c1ac:   d8 49 03 00 4c 8d 05 e9 49 03 00 ff 90 08 01 00
0x00007ffe9aa4c1bc:   00 48 8b cb 48 85 c0 75 1a 48 8b 03 ff 90 88 00
0x00007ffe9aa4c1cc:   00 00 48 8d 15 d3 49 03 00 48 8b cb e8 d8 d4 00
0x00007ffe9aa4c1dc:   00 eb 1e 4c 8b cf 4c 8b c0 48 8b d6 e8 43 df fa
0x00007ffe9aa4c1ec:   ff 48 8b 03 48 8b d7 48 8b cb ff 90 b8 00 00 00 


Stack slot to memory mapping:

stack at sp + 0 slots: 0x00007ffe9aaa9838 awt.dll
stack at sp + 1 slots: 0x0 is null
stack at sp + 2 slots: 0x000000f7d8ffeaa9 is pointing into the stack for thread: 0x0000025f543b3b30
stack at sp + 3 slots: 0x000000f7d8ffeaa9 is pointing into the stack for thread: 0x0000025f543b3b30
stack at sp + 4 slots: 0x0 is null
stack at sp + 5 slots: 0x00007ffe9aa0788b awt.dll
stack at sp + 6 slots: 0x0 is null
stack at sp + 7 slots: 0x0000025f55eef300 points into unknown readable memory: 0x0000025f63aa7bf0 | f0 7b aa 63 5f 02 00 00

Lock stack of current Java thread (top to bottom):

native method entry point (kind = native)  [0x0000025f0753cde0, 0x0000025f0753d938]  2904 bytes
[MachCode]
  0x0000025f0753cde0: 488b 4b08 | 0fb7 492e | 584c 8d74 | ccf8 6800 | 0000 0068 | 0000 0000 | 5055 488b | ec41 5568 
  0x0000025f0753ce00: 0000 0000 | 4c8b 6b08 | 4d8d 6d38 | 5348 8b53 | 0848 8b52 | 0848 8b52 | 1848 8b52 | 7048 8b12 
  0x0000025f0753ce20: 5248 8b53 | 1048 85d2 | 0f84 0700 | 0000 4881 | c210 0100 | 0052 488b | 5308 488b | 5208 488b 
  0x0000025f0753ce40: 5210 5249 | 8bc6 482b | c548 c1e8 | 0350 6800 | 0000 0068 | f7ff ffff | 41c6 8771 | 0400 0001 
  0x0000025f0753ce60: 488b 4310 | 4885 c074 | 208b 88cc | 0000 0083 | c102 8988 | cc00 0000 | 2388 e000 | 0000 0f84 
  0x0000025f0753ce80: 000a 0000 | e9cf 0000 | 0048 8b43 | 1848 85c0 | 0f85 b000 | 0000 e805 | 0000 00e9 | 9900 0000 
  0x0000025f0753cea0: 488b d348 | 8d44 2408 | 4c89 6dc0 | 498b cfc5 | f877 4989 | afb0 0300 | 0049 8987 | a003 0000 
  0x0000025f0753cec0: 4883 ec20 | 40f6 c40f | 0f84 1900 | 0000 4883 | ec08 48b8 | 8028 860c | fe7f 0000 | ffd0 4883 
  0x0000025f0753cee0: c408 e90c | 0000 0048 | b880 2886 | 0cfe 7f00 | 00ff d048 | 83c4 2049 | c787 a003 | 0000 0000 
  0x0000025f0753cf00: 0000 49c7 | 87b0 0300 | 0000 0000 | 0049 c787 | a803 0000 | 0000 0000 | c5f8 7749 | 837f 0800 
  0x0000025f0753cf20: 0f84 0500 | 0000 e995 | 3fff ff4c | 8b6d c04c | 8b75 c84e | 8d74 f500 | c348 8b43 | 1848 85c0 
  0x0000025f0753cf40: 0f84 1200 | 0000 8b48 | 0883 c102 | 8948 0823 | 481c 0f84 | 2c09 0000 | 493b a7e8 | 0400 000f 
  0x0000025f0753cf60: 8748 0000 | 0089 8424 | 00f0 ffff | 8984 2400 | e0ff ff89 | 8424 00d0 | ffff 8984 | 2400 c0ff 
  0x0000025f0753cf80: ff89 8424 | 00b0 ffff | 8984 2400 | a0ff ff89 | 8424 0090 | ffff 8984 | 2400 80ff | ff49 3ba7 
  0x0000025f0753cfa0: e004 0000 | 7607 4989 | a7e8 0400 | 0041 c687 | 7104 0000 | 0049 ba41 | bd0d 0dfe | 7f00 0041 
  0x0000025f0753cfc0: 803a 000f | 843e 0000 | 0048 8b55 | e849 8bcf | 4883 ec20 | 40f6 c40f | 0f84 1900 | 0000 4883 
  0x0000025f0753cfe0: ec08 48b8 | f0f0 bd0c | fe7f 0000 | ffd0 4883 | c408 e90c | 0000 0048 | b8f0 f0bd | 0cfe 7f00 
  0x0000025f0753d000: 00ff d048 | 83c4 2048 | 8b5d e84c | 8b5b 0845 | 0fb7 5b2e | 41c1 e303 | 492b e348 | 83ec 2048 
  0x0000025f0753d020: 83e4 f04c | 8b5b 604d | 85db 0f85 | ab00 0000 | e805 0000 | 00e9 9900 | 0000 488b | d348 8d44 
  0x0000025f0753d040: 2408 4c89 | 6dc0 498b | cfc5 f877 | 4989 afb0 | 0300 0049 | 8987 a003 | 0000 4883 | ec20 40f6 
  0x0000025f0753d060: c40f 0f84 | 1900 0000 | 4883 ec08 | 48b8 e04f | 860c fe7f | 0000 ffd0 | 4883 c408 | e90c 0000 
  0x0000025f0753d080: 0048 b8e0 | 4f86 0cfe | 7f00 00ff | d048 83c4 | 2049 c787 | a003 0000 | 0000 0000 | 49c7 87b0 
  0x0000025f0753d0a0: 0300 0000 | 0000 0049 | c787 a803 | 0000 0000 | 0000 c5f8 | 7749 837f | 0800 0f84 | 0500 0000 
  0x0000025f0753d0c0: e9fb 3dff | ff4c 8b6d | c04c 8b75 | c84e 8d74 | f500 c348 | 8b5d e84c | 8b5b 6041 | ffd3 488b 
  0x0000025f0753d0e0: 5de8 4889 | 4518 448b | 5b28 41f6 | c308 0f84 | 1b00 0000 | 4c8b 5b08 | 4d8b 5b08 | 4d8b 5b18 
  0x0000025f0753d100: 4d8b 5b70 | 4d8b 1b4c | 895d 1048 | 8d55 1048 | 8b43 5849 | ba40 3fbe | 0cfe 7f00 | 0049 3bc2 
  0x0000025f0753d120: 0f85 ab00 | 0000 e805 | 0000 00e9 | 9900 0000 | 488b d348 | 8d44 2408 | 4c89 6dc0 | 498b cfc5 
  0x0000025f0753d140: f877 4989 | afb0 0300 | 0049 8987 | a003 0000 | 4883 ec20 | 40f6 c40f | 0f84 1900 | 0000 4883 
  0x0000025f0753d160: ec08 48b8 | e04f 860c | fe7f 0000 | ffd0 4883 | c408 e90c | 0000 0048 | b8e0 4f86 | 0cfe 7f00 
  0x0000025f0753d180: 00ff d048 | 83c4 2049 | c787 a003 | 0000 0000 | 0000 49c7 | 87b0 0300 | 0000 0000 | 0049 c787 
  0x0000025f0753d1a0: a803 0000 | 0000 0000 | c5f8 7749 | 837f 0800 | 0f84 0500 | 0000 e905 | 3dff ff4c | 8b6d c04c 
  0x0000025f0753d1c0: 8b75 c84e | 8d74 f500 | c348 8b5d | e848 8b43 | 5849 8d8f | c003 0000 | c5f8 7749 | 89af b003 
  0x0000025f0753d1e0: 0000 49ba | d8d1 5307 | 5f02 0000 | 4d89 97a8 | 0300 0049 | 89a7 a003 | 0000 41c7 | 8744 0400 
  0x0000025f0753d200: 0004 0000 | 00ff d0c5 | f877 4883 | ec10 c5fb | 1104 2448 | 83ec 1048 | 8904 2448 | c744 2408 
  0x0000025f0753d220: 0000 0000 | 41c7 8744 | 0400 0005 | 0000 00f0 | 8344 24c0 | 0049 3baf | 4804 0000 | 0f87 0e00 
  0x0000025f0753d240: 0000 4183 | bf40 0400 | 0000 0f84 | 2000 0000 | 498b cf4c | 8be4 4883 | ec20 4883 | e4f0 48b8 
  0x0000025f0753d260: 80ab 870c | fe7f 0000 | ffd0 498b | e44d 33e4 | 41c7 8744 | 0400 0008 | 0000 0049 | c787 a003 
  0x0000025f0753d280: 0000 0000 | 0000 49c7 | 87b0 0300 | 0000 0000 | 0049 c787 | a803 0000 | 0000 0000 | c5f8 774d 
  0x0000025f0753d2a0: 8b9f 3004 | 0000 41c7 | 8300 0100 | 0000 0000 | 0049 bbda | a553 075f | 0200 004c | 3b5d 180f 
  0x0000025f0753d2c0: 8524 0200 | 0048 8b04 | 2448 83c4 | 1048 85c0 | 0f84 fe01 | 0000 a803 | 0f85 0800 | 0000 488b 
  0x0000025f0753d2e0: 00e9 ee01 | 0000 a801 | 0f85 0900 | 0000 488b | 40fe e9dd | 0100 0048 | 8b40 ff41 | 807f 3800 
  0x0000025f0753d300: 0f84 ce01 | 0000 4883 | f800 0f84 | c401 0000 | 4d8b 5f28 | 4983 fb00 | 0f84 1400 | 0000 4983 
  0x0000025f0753d320: eb08 4d89 | 5f28 4d03 | 5f30 4989 | 03e9 a201 | 0000 4881 | ecd0 0000 | 0048 8904 | 2448 894c 
  0x0000025f0753d340: 2408 4889 | 5424 1048 | 8974 2418 | 4889 7c24 | 204c 8944 | 2428 4c89 | 4c24 304c | 8954 2438 
  0x0000025f0753d360: 4c89 5c24 | 40c5 fb11 | 4424 50c5 | fb11 4c24 | 58c5 fb11 | 5424 60c5 | fb11 5c24 | 68c5 fb11 
  0x0000025f0753d380: 6424 70c5 | fb11 6c24 | 78c5 fb11 | b424 8000 | 0000 c5fb | 11bc 2488 | 0000 00c5 | 7b11 8424 
  0x0000025f0753d3a0: 9000 0000 | c57b 118c | 2498 0000 | 00c5 7b11 | 9424 a000 | 0000 c57b | 119c 24a8 | 0000 00c5 
  0x0000025f0753d3c0: 7b11 a424 | b000 0000 | c57b 11ac | 24b8 0000 | 00c5 7b11 | b424 c000 | 0000 c57b | 11bc 24c8 
  0x0000025f0753d3e0: 0000 0049 | 8bd7 488b | c848 83ec | 2040 f6c4 | 0f0f 8419 | 0000 0048 | 83ec 0848 | b800 097b 
  0x0000025f0753d400: 0cfe 7f00 | 00ff d048 | 83c4 08e9 | 0c00 0000 | 48b8 0009 | 7b0c fe7f | 0000 ffd0 | 4883 c420 
  0x0000025f0753d420: c57b 10bc | 24c8 0000 | 00c5 7b10 | b424 c000 | 0000 c57b | 10ac 24b8 | 0000 00c5 | 7b10 a424 
  0x0000025f0753d440: b000 0000 | c57b 109c | 24a8 0000 | 00c5 7b10 | 9424 a000 | 0000 c57b | 108c 2498 | 0000 00c5 
  0x0000025f0753d460: 7b10 8424 | 9000 0000 | c5fb 10bc | 2488 0000 | 00c5 fb10 | b424 8000 | 0000 c5fb | 106c 2478 
  0x0000025f0753d480: c5fb 1064 | 2470 c5fb | 105c 2468 | c5fb 1054 | 2460 c5fb | 104c 2458 | c5fb 1044 | 2450 4c8b 
  0x0000025f0753d4a0: 5c24 404c | 8b54 2438 | 4c8b 4c24 | 304c 8b44 | 2428 488b | 7c24 2048 | 8b74 2418 | 488b 5424 
  0x0000025f0753d4c0: 1048 8b4c | 2408 488b | 0424 4881 | c4d0 0000 | 00c5 f877 | 4889 4510 | 4883 ec10 | 4889 0424 
  0x0000025f0753d4e0: 48c7 4424 | 0800 0000 | 0041 83bf | c804 0000 | 020f 85bf | 0000 0048 | 81ec 8000 | 0000 4889 
  0x0000025f0753d500: 4424 7848 | 894c 2470 | 4889 5424 | 6848 895c | 2460 4889 | 6c24 5048 | 8974 2448 | 4889 7c24 
  0x0000025f0753d520: 404c 8944 | 2438 4c89 | 4c24 304c | 8954 2428 | 4c89 5c24 | 204c 8964 | 2418 4c89 | 6c24 104c 
  0x0000025f0753d540: 8974 2408 | 4c89 3c24 | 4c8b e448 | 83ec 2048 | 83e4 f048 | b8a0 25be | 0cfe 7f00 | 00ff d049 
  0x0000025f0753d560: 8be4 4c8b | 3c24 4c8b | 7424 084c | 8b6c 2410 | 4c8b 6424 | 184c 8b5c | 2420 4c8b | 5424 284c 
  0x0000025f0753d580: 8b4c 2430 | 4c8b 4424 | 3848 8b7c | 2440 488b | 7424 4848 | 8b6c 2450 | 488b 5c24 | 6048 8b54 
  0x0000025f0753d5a0: 2468 488b | 4c24 7048 | 8b44 2478 | 4881 c480 | 0000 004d | 33e4 488b | 5de8 4c8b | 6b08 4d8d 
  0x0000025f0753d5c0: 6d38 4983 | 7f08 000f | 84bb 0000 | 00e8 0500 | 0000 e996 | 0000 0048 | 8d44 2408 | 4c89 6dc0 
  0x0000025f0753d5e0: 498b cfc5 | f877 4989 | afb0 0300 | 0049 8987 | a003 0000 | 4883 ec20 | 40f6 c40f | 0f84 1900 
  0x0000025f0753d600: 0000 4883 | ec08 48b8 | f06d 860c | fe7f 0000 | ffd0 4883 | c408 e90c | 0000 0048 | b8f0 6d86 
  0x0000025f0753d620: 0cfe 7f00 | 00ff d048 | 83c4 2049 | c787 a003 | 0000 0000 | 0000 49c7 | 87b0 0300 | 0000 0000 
  0x0000025f0753d640: 0049 c787 | a803 0000 | 0000 0000 | c5f8 7749 | 837f 0800 | 0f84 0500 | 0000 e961 | 38ff ff4c 
  0x0000025f0753d660: 8b6d c04c | 8b75 c84e | 8d74 f500 | c348 b940 | e5e5 0cfe | 7f00 0048 | 83e4 f048 | b850 4dac 
  0x0000025f0753d680: 0cfe 7f00 | 00ff d0f4 | 448b 5b28 | 41f6 c320 | 0f84 7901 | 0000 488d | 55a8 4c8b | 5a08 4d85 
  0x0000025f0753d6a0: db0f 85bb | 0000 00e8 | 0500 0000 | e996 0000 | 0048 8d44 | 2408 4c89 | 6dc0 498b | cfc5 f877 
  0x0000025f0753d6c0: 4989 afb0 | 0300 0049 | 8987 a003 | 0000 4883 | ec20 40f6 | c40f 0f84 | 1900 0000 | 4883 ec08 
  0x0000025f0753d6e0: 48b8 206d | 860c fe7f | 0000 ffd0 | 4883 c408 | e90c 0000 | 0048 b820 | 6d86 0cfe | 7f00 00ff 
  0x0000025f0753d700: d048 83c4 | 2049 c787 | a003 0000 | 0000 0000 | 49c7 87b0 | 0300 0000 | 0000 0049 | c787 a803 
  0x0000025f0753d720: 0000 0000 | 0000 c5f8 | 7749 837f | 0800 0f84 | 0500 0000 | e987 37ff | ff4c 8b6d | c04c 8b75 
  0x0000025f0753d740: c84e 8d74 | f500 c348 | b940 e5e5 | 0cfe 7f00 | 0048 83e4 | f048 b850 | 4dac 0cfe | 7f00 00ff 
  0x0000025f0753d760: d0f4 4c89 | 6dc0 4c8b | 4a08 48c7 | 4208 0000 | 0000 458b | 8718 0600 | 004f 3b4c | 07f8 0f85 
  0x0000025f0753d780: 4900 0000 | 4183 af18 | 0600 0008 | 4f3b 4c07 | f00f 842a | 0000 0049 | 8b01 a802 | 0f85 1200 
  0x0000025f0753d7a0: 0000 4c8b | c049 83c8 | 01f0 4d0f | b101 0f84 | 0d00 0000 | 4183 8718 | 0600 0008 | e90c 0000 
  0x0000025f0753d7c0: 0049 ff8f | 5005 0000 | e93e 0000 | 004c 894a | 0848 8bca | 4883 ec20 | 40f6 c40f | 0f84 1900 
  0x0000025f0753d7e0: 0000 4883 | ec08 48b8 | e03f 860c | fe7f 0000 | ffd0 4883 | c408 e90c | 0000 0048 | b8e0 3f86 
  0x0000025f0753d800: 0cfe 7f00 | 00ff d048 | 83c4 204c | 8b6d c049 | ba41 bd0d | 0dfe 7f00 | 0041 803a | 000f 843e 
  0x0000025f0753d820: 0000 0048 | 8b55 e849 | 8bcf 4883 | ec20 40f6 | c40f 0f84 | 1900 0000 | 4883 ec08 | 48b8 f0f0 
  0x0000025f0753d840: bd0c fe7f | 0000 ffd0 | 4883 c408 | e90c 0000 | 0048 b8f0 | f0bd 0cfe | 7f00 00ff | d048 83c4 
  0x0000025f0753d860: 2048 8b04 | 2448 83c4 | 10c5 fb10 | 0424 4883 | c410 4c8b | 5d18 41ff | d34c 8b5d | f8c9 5f49 
  0x0000025f0753d880: 8be3 ffe7 | ba00 0000 | 00e8 0500 | 0000 e996 | 0000 0048 | 8d44 2408 | 4c89 6dc0 | 498b cfc5 
  0x0000025f0753d8a0: f877 4989 | afb0 0300 | 0049 8987 | a003 0000 | 4883 ec20 | 40f6 c40f | 0f84 1900 | 0000 4883 
  0x0000025f0753d8c0: ec08 48b8 | 9033 860c | fe7f 0000 | ffd0 4883 | c408 e90c | 0000 0048 | b890 3386 | 0cfe 7f00 
  0x0000025f0753d8e0: 00ff d048 | 83c4 2049 | c787 a003 | 0000 0000 | 0000 49c7 | 87b0 0300 | 0000 0000 | 0049 c787 
  0x0000025f0753d900: a803 0000 | 0000 0000 | c5f8 7749 | 837f 0800 | 0f84 0500 | 0000 e9a5 | 35ff ff4c | 8b6d c04c 
  0x0000025f0753d920: 8b75 c84e | 8d74 f500 | c348 8b5d | e8e9 26f6 | ffff 660f | 1f44 0000 
[/MachCode]

---------------  P R O C E S S  ---------------

Threads class SMR info:
_java_thread_list=0x0000025f63aa7e70, length=19, elements={
0x0000025f54016780, 0x0000025f54017db0, 0x0000025f5401a200, 0x0000025f5401cc70,
0x0000025f5401d6d0, 0x0000025f54021630, 0x0000025f5402c3e0, 0x0000025f5402eea0,
0x0000025f541718b0, 0x0000025f54171f40, 0x0000025f54171220, 0x0000025f541725d0,
0x0000025f543b3b30, 0x0000025f543af990, 0x0000025f543b2780, 0x0000025f543ad230,
0x0000025f543b2e10, 0x0000025f543b0020, 0x0000025f543b13d0
}

Java Threads: ( => current thread )
  0x0000025f54016780 JavaThread "Reference Handler"          daemon [_thread_blocked, id=17084, stack(0x000000f7d8300000,0x000000f7d8400000) (1024K)]
  0x0000025f54017db0 JavaThread "Finalizer"                  daemon [_thread_blocked, id=6816, stack(0x000000f7d8400000,0x000000f7d8500000) (1024K)]
  0x0000025f5401a200 JavaThread "Signal Dispatcher"          daemon [_thread_blocked, id=1120, stack(0x000000f7d8500000,0x000000f7d8600000) (1024K)]
  0x0000025f5401cc70 JavaThread "Attach Listener"            daemon [_thread_blocked, id=3592, stack(0x000000f7d8600000,0x000000f7d8700000) (1024K)]
  0x0000025f5401d6d0 JavaThread "Service Thread"             daemon [_thread_blocked, id=15992, stack(0x000000f7d8700000,0x000000f7d8800000) (1024K)]
  0x0000025f54021630 JavaThread "Monitor Deflation Thread"   daemon [_thread_blocked, id=15336, stack(0x000000f7d8800000,0x000000f7d8900000) (1024K)]
  0x0000025f5402c3e0 JavaThread "C2 CompilerThread0"         daemon [_thread_blocked, id=10928, stack(0x000000f7d8900000,0x000000f7d8a00000) (1024K)]
  0x0000025f5402eea0 JavaThread "C1 CompilerThread0"         daemon [_thread_blocked, id=8792, stack(0x000000f7d8a00000,0x000000f7d8b00000) (1024K)]
  0x0000025f541718b0 JavaThread "Notification Thread"        daemon [_thread_blocked, id=11248, stack(0x000000f7d8b00000,0x000000f7d8c00000) (1024K)]
  0x0000025f54171f40 JavaThread "Common-Cleaner"             daemon [_thread_blocked, id=16944, stack(0x000000f7d8c00000,0x000000f7d8d00000) (1024K)]
  0x0000025f54171220 JavaThread "Java2D Disposer"            daemon [_thread_blocked, id=13316, stack(0x000000f7d8d00000,0x000000f7d8e00000) (1024K)]
  0x0000025f541725d0 JavaThread "AWT-Shutdown"                      [_thread_blocked, id=13176, stack(0x000000f7d8e00000,0x000000f7d8f00000) (1024K)]
=>0x0000025f543b3b30 JavaThread "AWT-Windows"                daemon [_thread_in_native, id=6460, stack(0x000000f7d8f00000,0x000000f7d9000000) (1024K)]
  0x0000025f543af990 JavaThread "AWT-EventQueue-0"                  [_thread_in_native, id=1544, stack(0x000000f7d9000000,0x000000f7d9100000) (1024K)]
  0x0000025f543b2780 JavaThread "DestroyJavaVM"                     [_thread_blocked, id=9608, stack(0x000000f7d7b00000,0x000000f7d7c00000) (1024K)]
  0x0000025f543ad230 JavaThread "D3D Screen Updater"         daemon [_thread_blocked, id=5488, stack(0x000000f7da300000,0x000000f7da400000) (1024K)]
  0x0000025f543b2e10 JavaThread "TimerQueue"                 daemon [_thread_blocked, id=15616, stack(0x000000f7da400000,0x000000f7da500000) (1024K)]
  0x0000025f543b0020 JavaThread "Swing-Shell"                daemon [_thread_blocked, id=7688, stack(0x000000f7da500000,0x000000f7da600000) (1024K)]
  0x0000025f543b13d0 JavaThread "Image Fetcher 0"            daemon [_thread_blocked, id=14460, stack(0x000000f7db000000,0x000000f7db100000) (1024K)]
Total: 19

Other Threads:
  0x0000025f7de0dc90 VMThread "VM Thread"                           [id=15008, stack(0x000000f7d8200000,0x000000f7d8300000) (1024K)]
  0x0000025f7ddfbae0 WatcherThread "VM Periodic Task Thread"        [id=288, stack(0x000000f7d8100000,0x000000f7d8200000) (1024K)]
  0x0000025f68e5e0f0 WorkerThread "GC Thread#0"                     [id=15512, stack(0x000000f7d7c00000,0x000000f7d7d00000) (1024K)]
  0x0000025f629cfe20 WorkerThread "GC Thread#1"                     [id=9760, stack(0x000000f7da700000,0x000000f7da800000) (1024K)]
  0x0000025f629ce800 WorkerThread "GC Thread#2"                     [id=2796, stack(0x000000f7da800000,0x000000f7da900000) (1024K)]
  0x0000025f62c9df10 WorkerThread "GC Thread#3"                     [id=12872, stack(0x000000f7da900000,0x000000f7daa00000) (1024K)]
  0x0000025f62c9edd0 WorkerThread "GC Thread#4"                     [id=15768, stack(0x000000f7daa00000,0x000000f7dab00000) (1024K)]
  0x0000025f62c9d7b0 WorkerThread "GC Thread#5"                     [id=15548, stack(0x000000f7dab00000,0x000000f7dac00000) (1024K)]
  0x0000025f62c9db60 WorkerThread "GC Thread#6"                     [id=16788, stack(0x000000f7dac00000,0x000000f7dad00000) (1024K)]
  0x0000025f62c9ea20 WorkerThread "GC Thread#7"                     [id=2544, stack(0x000000f7dad00000,0x000000f7dae00000) (1024K)]
  0x0000025f62c9e2c0 WorkerThread "GC Thread#8"                     [id=3484, stack(0x000000f7dae00000,0x000000f7daf00000) (1024K)]
  0x0000025f62c9d400 WorkerThread "GC Thread#9"                     [id=1448, stack(0x000000f7daf00000,0x000000f7db000000) (1024K)]
  0x0000025f68e74220 ConcurrentGCThread "G1 Main Marker"            [id=16768, stack(0x000000f7d7d00000,0x000000f7d7e00000) (1024K)]
  0x0000025f68e754d0 WorkerThread "G1 Conc#0"                       [id=14468, stack(0x000000f7d7e00000,0x000000f7d7f00000) (1024K)]
  0x0000025f7dcba9c0 ConcurrentGCThread "G1 Refine#0"               [id=9868, stack(0x000000f7d7f00000,0x000000f7d8000000) (1024K)]
  0x0000025f7dcbc200 ConcurrentGCThread "G1 Service"                [id=2192, stack(0x000000f7d8000000,0x000000f7d8100000) (1024K)]
Total: 16

Threads with active compile tasks:
Total: 0

VM state: not at safepoint (normal execution)

VM Mutex/Monitor currently owned by a thread: None

Heap address: 0x0000000601400000, size: 8172 MB, Compressed Oops mode: Zero based, Oop shift amount: 3

CDS archive(s) mapped at: [0x0000025f0f000000-0x0000025f0fd70000-0x0000025f0fd70000), size 14090240, SharedBaseAddress: 0x0000025f0f000000, ArchiveRelocationMode: 1.
Compressed class space mapped at: 0x0000025f10000000-0x0000025f50000000, reserved size: 1073741824
Narrow klass base: 0x0000025f0f000000, Narrow klass shift: 0, Narrow klass range: 0x41000000

GC Precious Log:
 CardTable entry size: 512
 Card Set container configuration: InlinePtr #cards 4 size 8 Array Of Cards #cards 32 size 80 Howl #buckets 8 coarsen threshold 7372 Howl Bitmap #cards 1024 size 144 coarsen threshold 921 Card regions per heap region 1 cards per card region 8192
 CPUs: 12 total, 12 available
 Memory: 32677M
 Large Page Support: Disabled
 NUMA Support: Disabled
 Compressed Oops: Enabled (Zero based)
 Heap Region Size: 4M
 Heap Min Capacity: 8M
 Heap Initial Capacity: 512M
 Heap Max Capacity: 8172M
 Pre-touch: Disabled
 Parallel Workers: 10
 Concurrent Workers: 3
 Concurrent Refinement Workers: 10
 Periodic GC: Disabled

Heap:
 garbage-first heap   total reserved 8368128K, committed 524288K, used 8380K [0x0000000601400000, 0x0000000800000000)
  region size 4096K, 3 young (12288K), 1 survivors (4096K)
 Metaspace       used 14800K, committed 15040K, reserved 1114112K
  class space    used 1673K, committed 1792K, reserved 1048576K

Heap Regions: E=young(eden), S=young(survivor), O=old, HS=humongous(starts), HC=humongous(continues), CS=collection set, F=free, TAMS=top-at-mark-start, PB=parsable bottom
|   0|0x0000000601400000, 0x000000060142f0c8, 0x0000000601800000|  4%| O|  |TAMS 0x0000000601400000| PB 0x0000000601400000| Untracked |  0
|   1|0x0000000601800000, 0x0000000601800000, 0x0000000601c00000|  0%| F|  |TAMS 0x0000000601800000| PB 0x0000000601800000| Untracked |  0
|   2|0x0000000601c00000, 0x0000000601c00000, 0x0000000602000000|  0%| F|  |TAMS 0x0000000601c00000| PB 0x0000000601c00000| Untracked |  0
|   3|0x0000000602000000, 0x0000000602000000, 0x0000000602400000|  0%| F|  |TAMS 0x0000000602000000| PB 0x0000000602000000| Untracked |  0
|   4|0x0000000602400000, 0x0000000602400000, 0x0000000602800000|  0%| F|  |TAMS 0x0000000602400000| PB 0x0000000602400000| Untracked |  0
|   5|0x0000000602800000, 0x0000000602800000, 0x0000000602c00000|  0%| F|  |TAMS 0x0000000602800000| PB 0x0000000602800000| Untracked |  0
|   6|0x0000000602c00000, 0x0000000602c00000, 0x0000000603000000|  0%| F|  |TAMS 0x0000000602c00000| PB 0x0000000602c00000| Untracked |  0
|   7|0x0000000603000000, 0x0000000603000000, 0x0000000603400000|  0%| F|  |TAMS 0x0000000603000000| PB 0x0000000603000000| Untracked |  0
|   8|0x0000000603400000, 0x0000000603400000, 0x0000000603800000|  0%| F|  |TAMS 0x0000000603400000| PB 0x0000000603400000| Untracked |  0
|   9|0x0000000603800000, 0x0000000603800000, 0x0000000603c00000|  0%| F|  |TAMS 0x0000000603800000| PB 0x0000000603800000| Untracked |  0
|  10|0x0000000603c00000, 0x0000000603c00000, 0x0000000604000000|  0%| F|  |TAMS 0x0000000603c00000| PB 0x0000000603c00000| Untracked |  0
|  11|0x0000000604000000, 0x0000000604000000, 0x0000000604400000|  0%| F|  |TAMS 0x0000000604000000| PB 0x0000000604000000| Untracked |  0
|  12|0x0000000604400000, 0x0000000604400000, 0x0000000604800000|  0%| F|  |TAMS 0x0000000604400000| PB 0x0000000604400000| Untracked |  0
|  13|0x0000000604800000, 0x0000000604800000, 0x0000000604c00000|  0%| F|  |TAMS 0x0000000604800000| PB 0x0000000604800000| Untracked |  0
|  14|0x0000000604c00000, 0x0000000604c00000, 0x0000000605000000|  0%| F|  |TAMS 0x0000000604c00000| PB 0x0000000604c00000| Untracked |  0
|  15|0x0000000605000000, 0x0000000605000000, 0x0000000605400000|  0%| F|  |TAMS 0x0000000605000000| PB 0x0000000605000000| Untracked |  0
|  16|0x0000000605400000, 0x0000000605400000, 0x0000000605800000|  0%| F|  |TAMS 0x0000000605400000| PB 0x0000000605400000| Untracked |  0
|  17|0x0000000605800000, 0x0000000605800000, 0x0000000605c00000|  0%| F|  |TAMS 0x0000000605800000| PB 0x0000000605800000| Untracked |  0
|  18|0x0000000605c00000, 0x0000000605c00000, 0x0000000606000000|  0%| F|  |TAMS 0x0000000605c00000| PB 0x0000000605c00000| Untracked |  0
|  19|0x0000000606000000, 0x0000000606000000, 0x0000000606400000|  0%| F|  |TAMS 0x0000000606000000| PB 0x0000000606000000| Untracked |  0
|  20|0x0000000606400000, 0x0000000606400000, 0x0000000606800000|  0%| F|  |TAMS 0x0000000606400000| PB 0x0000000606400000| Untracked |  0
|  21|0x0000000606800000, 0x0000000606800000, 0x0000000606c00000|  0%| F|  |TAMS 0x0000000606800000| PB 0x0000000606800000| Untracked |  0
|  22|0x0000000606c00000, 0x0000000606c00000, 0x0000000607000000|  0%| F|  |TAMS 0x0000000606c00000| PB 0x0000000606c00000| Untracked |  0
|  23|0x0000000607000000, 0x0000000607000000, 0x0000000607400000|  0%| F|  |TAMS 0x0000000607000000| PB 0x0000000607000000| Untracked |  0
|  24|0x0000000607400000, 0x0000000607400000, 0x0000000607800000|  0%| F|  |TAMS 0x0000000607400000| PB 0x0000000607400000| Untracked |  0
|  25|0x0000000607800000, 0x0000000607800000, 0x0000000607c00000|  0%| F|  |TAMS 0x0000000607800000| PB 0x0000000607800000| Untracked |  0
|  26|0x0000000607c00000, 0x0000000607c00000, 0x0000000608000000|  0%| F|  |TAMS 0x0000000607c00000| PB 0x0000000607c00000| Untracked |  0
|  27|0x0000000608000000, 0x0000000608000000, 0x0000000608400000|  0%| F|  |TAMS 0x0000000608000000| PB 0x0000000608000000| Untracked |  0
|  28|0x0000000608400000, 0x0000000608400000, 0x0000000608800000|  0%| F|  |TAMS 0x0000000608400000| PB 0x0000000608400000| Untracked |  0
|  29|0x0000000608800000, 0x0000000608800000, 0x0000000608c00000|  0%| F|  |TAMS 0x0000000608800000| PB 0x0000000608800000| Untracked |  0
|  30|0x0000000608c00000, 0x0000000608c00000, 0x0000000609000000|  0%| F|  |TAMS 0x0000000608c00000| PB 0x0000000608c00000| Untracked |  0
|  31|0x0000000609000000, 0x0000000609000000, 0x0000000609400000|  0%| F|  |TAMS 0x0000000609000000| PB 0x0000000609000000| Untracked |  0
|  32|0x0000000609400000, 0x0000000609400000, 0x0000000609800000|  0%| F|  |TAMS 0x0000000609400000| PB 0x0000000609400000| Untracked |  0
|  33|0x0000000609800000, 0x0000000609800000, 0x0000000609c00000|  0%| F|  |TAMS 0x0000000609800000| PB 0x0000000609800000| Untracked |  0
|  34|0x0000000609c00000, 0x0000000609c00000, 0x000000060a000000|  0%| F|  |TAMS 0x0000000609c00000| PB 0x0000000609c00000| Untracked |  0
|  35|0x000000060a000000, 0x000000060a000000, 0x000000060a400000|  0%| F|  |TAMS 0x000000060a000000| PB 0x000000060a000000| Untracked |  0
|  36|0x000000060a400000, 0x000000060a400000, 0x000000060a800000|  0%| F|  |TAMS 0x000000060a400000| PB 0x000000060a400000| Untracked |  0
|  37|0x000000060a800000, 0x000000060a800000, 0x000000060ac00000|  0%| F|  |TAMS 0x000000060a800000| PB 0x000000060a800000| Untracked |  0
|  38|0x000000060ac00000, 0x000000060ac00000, 0x000000060b000000|  0%| F|  |TAMS 0x000000060ac00000| PB 0x000000060ac00000| Untracked |  0
|  39|0x000000060b000000, 0x000000060b000000, 0x000000060b400000|  0%| F|  |TAMS 0x000000060b000000| PB 0x000000060b000000| Untracked |  0
|  40|0x000000060b400000, 0x000000060b400000, 0x000000060b800000|  0%| F|  |TAMS 0x000000060b400000| PB 0x000000060b400000| Untracked |  0
|  41|0x000000060b800000, 0x000000060b800000, 0x000000060bc00000|  0%| F|  |TAMS 0x000000060b800000| PB 0x000000060b800000| Untracked |  0
|  42|0x000000060bc00000, 0x000000060bc00000, 0x000000060c000000|  0%| F|  |TAMS 0x000000060bc00000| PB 0x000000060bc00000| Untracked |  0
|  43|0x000000060c000000, 0x000000060c000000, 0x000000060c400000|  0%| F|  |TAMS 0x000000060c000000| PB 0x000000060c000000| Untracked |  0
|  44|0x000000060c400000, 0x000000060c400000, 0x000000060c800000|  0%| F|  |TAMS 0x000000060c400000| PB 0x000000060c400000| Untracked |  0
|  45|0x000000060c800000, 0x000000060c800000, 0x000000060cc00000|  0%| F|  |TAMS 0x000000060c800000| PB 0x000000060c800000| Untracked |  0
|  46|0x000000060cc00000, 0x000000060cc00000, 0x000000060d000000|  0%| F|  |TAMS 0x000000060cc00000| PB 0x000000060cc00000| Untracked |  0
|  47|0x000000060d000000, 0x000000060d000000, 0x000000060d400000|  0%| F|  |TAMS 0x000000060d000000| PB 0x000000060d000000| Untracked |  0
|  48|0x000000060d400000, 0x000000060d400000, 0x000000060d800000|  0%| F|  |TAMS 0x000000060d400000| PB 0x000000060d400000| Untracked |  0
|  49|0x000000060d800000, 0x000000060d800000, 0x000000060dc00000|  0%| F|  |TAMS 0x000000060d800000| PB 0x000000060d800000| Untracked |  0
|  50|0x000000060dc00000, 0x000000060dc00000, 0x000000060e000000|  0%| F|  |TAMS 0x000000060dc00000| PB 0x000000060dc00000| Untracked |  0
|  51|0x000000060e000000, 0x000000060e000000, 0x000000060e400000|  0%| F|  |TAMS 0x000000060e000000| PB 0x000000060e000000| Untracked |  0
|  52|0x000000060e400000, 0x000000060e400000, 0x000000060e800000|  0%| F|  |TAMS 0x000000060e400000| PB 0x000000060e400000| Untracked |  0
|  53|0x000000060e800000, 0x000000060e800000, 0x000000060ec00000|  0%| F|  |TAMS 0x000000060e800000| PB 0x000000060e800000| Untracked |  0
|  54|0x000000060ec00000, 0x000000060ec00000, 0x000000060f000000|  0%| F|  |TAMS 0x000000060ec00000| PB 0x000000060ec00000| Untracked |  0
|  55|0x000000060f000000, 0x000000060f000000, 0x000000060f400000|  0%| F|  |TAMS 0x000000060f000000| PB 0x000000060f000000| Untracked |  0
|  56|0x000000060f400000, 0x000000060f400000, 0x000000060f800000|  0%| F|  |TAMS 0x000000060f400000| PB 0x000000060f400000| Untracked |  0
|  57|0x000000060f800000, 0x000000060f800000, 0x000000060fc00000|  0%| F|  |TAMS 0x000000060f800000| PB 0x000000060f800000| Untracked |  0
|  58|0x000000060fc00000, 0x000000060fc00000, 0x0000000610000000|  0%| F|  |TAMS 0x000000060fc00000| PB 0x000000060fc00000| Untracked |  0
|  59|0x0000000610000000, 0x0000000610000000, 0x0000000610400000|  0%| F|  |TAMS 0x0000000610000000| PB 0x0000000610000000| Untracked |  0
|  60|0x0000000610400000, 0x0000000610400000, 0x0000000610800000|  0%| F|  |TAMS 0x0000000610400000| PB 0x0000000610400000| Untracked |  0
|  61|0x0000000610800000, 0x0000000610800000, 0x0000000610c00000|  0%| F|  |TAMS 0x0000000610800000| PB 0x0000000610800000| Untracked |  0
|  62|0x0000000610c00000, 0x0000000610c00000, 0x0000000611000000|  0%| F|  |TAMS 0x0000000610c00000| PB 0x0000000610c00000| Untracked |  0
|  63|0x0000000611000000, 0x0000000611000000, 0x0000000611400000|  0%| F|  |TAMS 0x0000000611000000| PB 0x0000000611000000| Untracked |  0
|  64|0x0000000611400000, 0x0000000611400000, 0x0000000611800000|  0%| F|  |TAMS 0x0000000611400000| PB 0x0000000611400000| Untracked |  0
|  65|0x0000000611800000, 0x0000000611800000, 0x0000000611c00000|  0%| F|  |TAMS 0x0000000611800000| PB 0x0000000611800000| Untracked |  0
|  66|0x0000000611c00000, 0x0000000611c00000, 0x0000000612000000|  0%| F|  |TAMS 0x0000000611c00000| PB 0x0000000611c00000| Untracked |  0
|  67|0x0000000612000000, 0x0000000612000000, 0x0000000612400000|  0%| F|  |TAMS 0x0000000612000000| PB 0x0000000612000000| Untracked |  0
|  68|0x0000000612400000, 0x0000000612400000, 0x0000000612800000|  0%| F|  |TAMS 0x0000000612400000| PB 0x0000000612400000| Untracked |  0
|  69|0x0000000612800000, 0x0000000612800000, 0x0000000612c00000|  0%| F|  |TAMS 0x0000000612800000| PB 0x0000000612800000| Untracked |  0
|  70|0x0000000612c00000, 0x0000000612c00000, 0x0000000613000000|  0%| F|  |TAMS 0x0000000612c00000| PB 0x0000000612c00000| Untracked |  0
|  71|0x0000000613000000, 0x0000000613000000, 0x0000000613400000|  0%| F|  |TAMS 0x0000000613000000| PB 0x0000000613000000| Untracked |  0
|  72|0x0000000613400000, 0x0000000613400000, 0x0000000613800000|  0%| F|  |TAMS 0x0000000613400000| PB 0x0000000613400000| Untracked |  0
|  73|0x0000000613800000, 0x0000000613800000, 0x0000000613c00000|  0%| F|  |TAMS 0x0000000613800000| PB 0x0000000613800000| Untracked |  0
|  74|0x0000000613c00000, 0x0000000613c00000, 0x0000000614000000|  0%| F|  |TAMS 0x0000000613c00000| PB 0x0000000613c00000| Untracked |  0
|  75|0x0000000614000000, 0x0000000614000000, 0x0000000614400000|  0%| F|  |TAMS 0x0000000614000000| PB 0x0000000614000000| Untracked |  0
|  76|0x0000000614400000, 0x0000000614400000, 0x0000000614800000|  0%| F|  |TAMS 0x0000000614400000| PB 0x0000000614400000| Untracked |  0
|  77|0x0000000614800000, 0x0000000614800000, 0x0000000614c00000|  0%| F|  |TAMS 0x0000000614800000| PB 0x0000000614800000| Untracked |  0
|  78|0x0000000614c00000, 0x0000000614c00000, 0x0000000615000000|  0%| F|  |TAMS 0x0000000614c00000| PB 0x0000000614c00000| Untracked |  0
|  79|0x0000000615000000, 0x0000000615000000, 0x0000000615400000|  0%| F|  |TAMS 0x0000000615000000| PB 0x0000000615000000| Untracked |  0
|  80|0x0000000615400000, 0x0000000615400000, 0x0000000615800000|  0%| F|  |TAMS 0x0000000615400000| PB 0x0000000615400000| Untracked |  0
|  81|0x0000000615800000, 0x0000000615800000, 0x0000000615c00000|  0%| F|  |TAMS 0x0000000615800000| PB 0x0000000615800000| Untracked |  0
|  82|0x0000000615c00000, 0x0000000615c00000, 0x0000000616000000|  0%| F|  |TAMS 0x0000000615c00000| PB 0x0000000615c00000| Untracked |  0
|  83|0x0000000616000000, 0x0000000616000000, 0x0000000616400000|  0%| F|  |TAMS 0x0000000616000000| PB 0x0000000616000000| Untracked |  0
|  84|0x0000000616400000, 0x0000000616400000, 0x0000000616800000|  0%| F|  |TAMS 0x0000000616400000| PB 0x0000000616400000| Untracked |  0
|  85|0x0000000616800000, 0x0000000616800000, 0x0000000616c00000|  0%| F|  |TAMS 0x0000000616800000| PB 0x0000000616800000| Untracked |  0
|  86|0x0000000616c00000, 0x0000000616c00000, 0x0000000617000000|  0%| F|  |TAMS 0x0000000616c00000| PB 0x0000000616c00000| Untracked |  0
|  87|0x0000000617000000, 0x0000000617000000, 0x0000000617400000|  0%| F|  |TAMS 0x0000000617000000| PB 0x0000000617000000| Untracked |  0
|  88|0x0000000617400000, 0x0000000617400000, 0x0000000617800000|  0%| F|  |TAMS 0x0000000617400000| PB 0x0000000617400000| Untracked |  0
|  89|0x0000000617800000, 0x0000000617800000, 0x0000000617c00000|  0%| F|  |TAMS 0x0000000617800000| PB 0x0000000617800000| Untracked |  0
|  90|0x0000000617c00000, 0x0000000617c00000, 0x0000000618000000|  0%| F|  |TAMS 0x0000000617c00000| PB 0x0000000617c00000| Untracked |  0
|  91|0x0000000618000000, 0x0000000618000000, 0x0000000618400000|  0%| F|  |TAMS 0x0000000618000000| PB 0x0000000618000000| Untracked |  0
|  92|0x0000000618400000, 0x0000000618400000, 0x0000000618800000|  0%| F|  |TAMS 0x0000000618400000| PB 0x0000000618400000| Untracked |  0
|  93|0x0000000618800000, 0x0000000618800000, 0x0000000618c00000|  0%| F|  |TAMS 0x0000000618800000| PB 0x0000000618800000| Untracked |  0
|  94|0x0000000618c00000, 0x0000000618c00000, 0x0000000619000000|  0%| F|  |TAMS 0x0000000618c00000| PB 0x0000000618c00000| Untracked |  0
|  95|0x0000000619000000, 0x0000000619000000, 0x0000000619400000|  0%| F|  |TAMS 0x0000000619000000| PB 0x0000000619000000| Untracked |  0
|  96|0x0000000619400000, 0x0000000619400000, 0x0000000619800000|  0%| F|  |TAMS 0x0000000619400000| PB 0x0000000619400000| Untracked |  0
|  97|0x0000000619800000, 0x0000000619800000, 0x0000000619c00000|  0%| F|  |TAMS 0x0000000619800000| PB 0x0000000619800000| Untracked |  0
|  98|0x0000000619c00000, 0x0000000619c00000, 0x000000061a000000|  0%| F|  |TAMS 0x0000000619c00000| PB 0x0000000619c00000| Untracked |  0
|  99|0x000000061a000000, 0x000000061a000000, 0x000000061a400000|  0%| F|  |TAMS 0x000000061a000000| PB 0x000000061a000000| Untracked |  0
| 100|0x000000061a400000, 0x000000061a400000, 0x000000061a800000|  0%| F|  |TAMS 0x000000061a400000| PB 0x000000061a400000| Untracked |  0
| 101|0x000000061a800000, 0x000000061a800000, 0x000000061ac00000|  0%| F|  |TAMS 0x000000061a800000| PB 0x000000061a800000| Untracked |  0
| 102|0x000000061ac00000, 0x000000061ac00000, 0x000000061b000000|  0%| F|  |TAMS 0x000000061ac00000| PB 0x000000061ac00000| Untracked |  0
| 103|0x000000061b000000, 0x000000061b000000, 0x000000061b400000|  0%| F|  |TAMS 0x000000061b000000| PB 0x000000061b000000| Untracked |  0
| 104|0x000000061b400000, 0x000000061b400000, 0x000000061b800000|  0%| F|  |TAMS 0x000000061b400000| PB 0x000000061b400000| Untracked |  0
| 105|0x000000061b800000, 0x000000061b800000, 0x000000061bc00000|  0%| F|  |TAMS 0x000000061b800000| PB 0x000000061b800000| Untracked |  0
| 106|0x000000061bc00000, 0x000000061bc00000, 0x000000061c000000|  0%| F|  |TAMS 0x000000061bc00000| PB 0x000000061bc00000| Untracked |  0
| 107|0x000000061c000000, 0x000000061c000000, 0x000000061c400000|  0%| F|  |TAMS 0x000000061c000000| PB 0x000000061c000000| Untracked |  0
| 108|0x000000061c400000, 0x000000061c400000, 0x000000061c800000|  0%| F|  |TAMS 0x000000061c400000| PB 0x000000061c400000| Untracked |  0
| 109|0x000000061c800000, 0x000000061c800000, 0x000000061cc00000|  0%| F|  |TAMS 0x000000061c800000| PB 0x000000061c800000| Untracked |  0
| 110|0x000000061cc00000, 0x000000061cc00000, 0x000000061d000000|  0%| F|  |TAMS 0x000000061cc00000| PB 0x000000061cc00000| Untracked |  0
| 111|0x000000061d000000, 0x000000061d000000, 0x000000061d400000|  0%| F|  |TAMS 0x000000061d000000| PB 0x000000061d000000| Untracked |  0
| 112|0x000000061d400000, 0x000000061d400000, 0x000000061d800000|  0%| F|  |TAMS 0x000000061d400000| PB 0x000000061d400000| Untracked |  0
| 113|0x000000061d800000, 0x000000061d800000, 0x000000061dc00000|  0%| F|  |TAMS 0x000000061d800000| PB 0x000000061d800000| Untracked |  0
| 114|0x000000061dc00000, 0x000000061dc00000, 0x000000061e000000|  0%| F|  |TAMS 0x000000061dc00000| PB 0x000000061dc00000| Untracked |  0
| 115|0x000000061e000000, 0x000000061e000000, 0x000000061e400000|  0%| F|  |TAMS 0x000000061e000000| PB 0x000000061e000000| Untracked |  0
| 116|0x000000061e400000, 0x000000061e400000, 0x000000061e800000|  0%| F|  |TAMS 0x000000061e400000| PB 0x000000061e400000| Untracked |  0
| 117|0x000000061e800000, 0x000000061e800000, 0x000000061ec00000|  0%| F|  |TAMS 0x000000061e800000| PB 0x000000061e800000| Untracked |  0
| 118|0x000000061ec00000, 0x000000061ec00000, 0x000000061f000000|  0%| F|  |TAMS 0x000000061ec00000| PB 0x000000061ec00000| Untracked |  0
| 119|0x000000061f000000, 0x000000061f000000, 0x000000061f400000|  0%| F|  |TAMS 0x000000061f000000| PB 0x000000061f000000| Untracked |  0
| 120|0x000000061f400000, 0x000000061f400000, 0x000000061f800000|  0%| F|  |TAMS 0x000000061f400000| PB 0x000000061f400000| Untracked |  0
| 121|0x000000061f800000, 0x000000061fc00000, 0x000000061fc00000|100%| S|CS|TAMS 0x000000061f800000| PB 0x000000061f800000| Complete |  0
| 122|0x000000061fc00000, 0x000000061fc00000, 0x0000000620000000|  0%| F|  |TAMS 0x000000061fc00000| PB 0x000000061fc00000| Untracked |  0
| 123|0x0000000620000000, 0x0000000620000000, 0x0000000620400000|  0%| F|  |TAMS 0x0000000620000000| PB 0x0000000620000000| Untracked |  0
| 124|0x0000000620400000, 0x0000000620400000, 0x0000000620800000|  0%| F|  |TAMS 0x0000000620400000| PB 0x0000000620400000| Untracked |  0
| 125|0x0000000620800000, 0x0000000620800000, 0x0000000620c00000|  0%| F|  |TAMS 0x0000000620800000| PB 0x0000000620800000| Untracked |  0
| 126|0x0000000620c00000, 0x0000000620f6bd18, 0x0000000621000000| 85%| E|  |TAMS 0x0000000620c00000| PB 0x0000000620c00000| Complete |  0
| 127|0x0000000621000000, 0x0000000621400000, 0x0000000621400000|100%| E|CS|TAMS 0x0000000621000000| PB 0x0000000621000000| Complete |  1

Card table byte_map: [0x0000025f72a50000,0x0000025f73a50000] _byte_map_base: 0x0000025f6fa46000

Marking Bits: (CMBitMap*) 0x0000025f68e5f810
 Bits: [0x0000025f73a50000, 0x0000025f7ba00000)

Polling page: 0x0000025f66c30000

Metaspace:

Usage:
  Non-class:     12.82 MB used.
      Class:      1.63 MB used.
       Both:     14.45 MB used.

Virtual space:
  Non-class space:       64.00 MB reserved,      12.94 MB ( 20%) committed,  1 nodes.
      Class space:        1.00 GB reserved,       1.75 MB ( <1%) committed,  1 nodes.
             Both:        1.06 GB reserved,      14.69 MB (  1%) committed. 

Chunk freelists:
   Non-Class:  2.94 MB
       Class:  14.23 MB
        Both:  17.17 MB

MaxMetaspaceSize: unlimited
CompressedClassSpaceSize: 1.00 GB
Initial GC threshold: 21.00 MB
Current GC threshold: 21.00 MB
CDS: on
 - commit_granule_bytes: 65536.
 - commit_granule_words: 8192.
 - virtual_space_node_default_size: 8388608.
 - enlarge_chunks_in_place: 1.
 - use_allocation_guard: 0.


Internal statistics:

num_allocs_failed_limit: 0.
num_arena_births: 186.
num_arena_deaths: 0.
num_vsnodes_births: 2.
num_vsnodes_deaths: 0.
num_space_committed: 235.
num_space_uncommitted: 0.
num_chunks_returned_to_freelist: 0.
num_chunks_taken_from_freelist: 257.
num_chunk_merges: 0.
num_chunk_splits: 146.
num_chunks_enlarged: 66.
num_inconsistent_stats: 0.

CodeHeap 'non-profiled nmethods': size=120064Kb used=1334Kb max_used=1334Kb free=118729Kb
 bounds [0x0000025f07ac0000, 0x0000025f07d30000, 0x0000025f0f000000]
CodeHeap 'profiled nmethods': size=120000Kb used=4575Kb max_used=4575Kb free=115424Kb
 bounds [0x0000025f00000000, 0x0000025f00480000, 0x0000025f07530000]
CodeHeap 'non-nmethods': size=5696Kb used=1675Kb max_used=1720Kb free=4020Kb
 bounds [0x0000025f07530000, 0x0000025f077a0000, 0x0000025f07ac0000]
CodeCache: size=245760Kb, used=7584Kb, max_used=7629Kb, free=238173Kb
 total_blobs=3731, nmethods=2996, adapters=639, full_count=0
Compilation: enabled, stopped_count=0, restarted_count=0

Compilation events (20 events):
Event: 54.110 Thread 0x0000025f5402eea0 nmethod 2990 0x0000025f00475b88 code [0x0000025f00475ca0, 0x0000025f00475fe0]
Event: 54.111 Thread 0x0000025f5402eea0 2991       1       java.awt.AWTEvent::isConsumed (5 bytes)
Event: 54.111 Thread 0x0000025f5402eea0 nmethod 2991 0x0000025f07c0a988 code [0x0000025f07c0aaa0, 0x0000025f07c0ab70]
Event: 54.115 Thread 0x0000025f5402eea0 2992       3       sun.java2d.pipe.DrawImage::scaleImage (84 bytes)
Event: 54.115 Thread 0x0000025f5402eea0 nmethod 2992 0x0000025f00476008 code [0x0000025f00476180, 0x0000025f004767f0]
Event: 54.115 Thread 0x0000025f5402eea0 2993       3       javax.swing.plaf.synth.SynthStyle::getIcon (21 bytes)
Event: 54.116 Thread 0x0000025f5402eea0 nmethod 2993 0x0000025f00476888 code [0x0000025f004769c0, 0x0000025f00476dc0]
Event: 54.116 Thread 0x0000025f5402c3e0 nmethod 2984% 0x0000025f07c0ac88 code [0x0000025f07c0ae00, 0x0000025f07c0b968]
Event: 54.116 Thread 0x0000025f5402c3e0 2986       4       java.awt.LinearGradientPaintContext::fillRaster (97 bytes)
Event: 54.128 Thread 0x0000025f5402c3e0 nmethod 2986 0x0000025f07c0ba08 code [0x0000025f07c0bb60, 0x0000025f07c0c328]
Event: 54.128 Thread 0x0000025f5402c3e0 2988       4       java.awt.MultipleGradientPaintContext::indexIntoGradientsArrays (190 bytes)
Event: 54.134 Thread 0x0000025f5402c3e0 nmethod 2988 0x0000025f07c0c388 code [0x0000025f07c0c500, 0x0000025f07c0c9a8]
Event: 54.474 Thread 0x0000025f5402eea0 2994 %     3       java.awt.LinearGradientPaintContext::fillRaster @ 50 (97 bytes)
Event: 54.474 Thread 0x0000025f5402eea0 nmethod 2994% 0x0000025f00476e08 code [0x0000025f00476f60, 0x0000025f004774d0]
Event: 54.596 Thread 0x0000025f5402c3e0 2995   !   4       java.awt.EventDispatchThread::filterAndCheckEvent (108 bytes)
Event: 54.609 Thread 0x0000025f5402c3e0 nmethod 2995 0x0000025f07c0ca08 code [0x0000025f07c0cbc0, 0x0000025f07c0d768]
Event: 55.324 Thread 0x0000025f5402eea0 2997       3       jdk.internal.util.ArraysSupport::hashCode (42 bytes)
Event: 55.324 Thread 0x0000025f5402eea0 nmethod 2997 0x0000025f00477508 code [0x0000025f00477640, 0x0000025f00477990]
Event: 55.324 Thread 0x0000025f5402eea0 2996       3       java.util.Arrays::hashCode (15 bytes)
Event: 55.325 Thread 0x0000025f5402eea0 nmethod 2996 0x0000025f00477a08 code [0x0000025f00477b40, 0x0000025f00477cc8]

GC Heap History (2 events):
Event: 48.213 GC heap before
{Heap before GC invocations=0 (full 0):
 garbage-first heap   total reserved 8368128K, committed 524288K, used 24576K [0x0000000601400000, 0x0000000800000000)
  region size 4096K, 6 young (24576K), 0 survivors (0K)
 Metaspace       used 13854K, committed 14016K, reserved 1114112K
  class space    used 1576K, committed 1664K, reserved 1048576K
}
Event: 48.217 GC heap after
{Heap after GC invocations=1 (full 0):
 garbage-first heap   total reserved 8368128K, committed 524288K, used 4284K [0x0000000601400000, 0x0000000800000000)
  region size 4096K, 1 young (4096K), 1 survivors (4096K)
 Metaspace       used 13854K, committed 14016K, reserved 1114112K
  class space    used 1576K, committed 1664K, reserved 1048576K
}

Dll operation events (10 events):
Event: 0.008 Loaded shared library C:\Program Files\Java\jdk-23\bin\java.dll
Event: 0.036 Loaded shared library C:\Program Files\Java\jdk-23\bin\jsvml.dll
Event: 0.070 Loaded shared library C:\Program Files\Java\jdk-23\bin\jimage.dll
Event: 0.074 Loaded shared library C:\Program Files\Java\jdk-23\bin\net.dll
Event: 0.076 Loaded shared library C:\Program Files\Java\jdk-23\bin\nio.dll
Event: 0.079 Loaded shared library C:\Program Files\Java\jdk-23\bin\zip.dll
Event: 0.095 Loaded shared library C:\Program Files\Java\jdk-23\bin\awt.dll
Event: 0.212 Loaded shared library C:\Program Files\Java\jdk-23\bin\freetype.dll
Event: 0.213 Loaded shared library C:\Program Files\Java\jdk-23\bin\fontmanager.dll
Event: 54.040 Loaded shared library C:\Program Files\Java\jdk-23\bin\javajpeg.dll

Deoptimization events (20 events):
Event: 54.439 Thread 0x0000025f543af990 Uncommon trap: trap_request=0xffffffde fr.pc=0x0000025f07bff97c relative=0x000000000000075c
Event: 54.439 Thread 0x0000025f543af990 Uncommon trap: reason=class_check action=maybe_recompile pc=0x0000025f07bff97c method=java.awt.Window.getOwner_NoClientCode()Ljava/awt/Window; @ 4 c2
Event: 54.439 Thread 0x0000025f543af990 DEOPT PACKING pc=0x0000025f07bff97c sp=0x000000f7d90fdee0
Event: 54.439 Thread 0x0000025f543af990 DEOPT UNPACKING pc=0x0000025f07584402 sp=0x000000f7d90fdcc8 mode 2
Event: 54.474 Thread 0x0000025f543af990 Uncommon trap: trap_request=0xffffffbe fr.pc=0x0000025f07c0c214 relative=0x00000000000006b4
Event: 54.474 Thread 0x0000025f543af990 Uncommon trap: reason=profile_predicate action=maybe_recompile pc=0x0000025f07c0c214 method=java.awt.LinearGradientPaintContext.fillRaster([IIIIIII)V @ 53 c2
Event: 54.474 Thread 0x0000025f543af990 DEOPT PACKING pc=0x0000025f07c0c214 sp=0x000000f7d90fc260
Event: 54.474 Thread 0x0000025f543af990 DEOPT UNPACKING pc=0x0000025f07584402 sp=0x000000f7d90fc1d8 mode 2
Event: 54.474 Thread 0x0000025f543af990 Uncommon trap: trap_request=0xffffffbe fr.pc=0x0000025f07c0c214 relative=0x00000000000006b4
Event: 54.474 Thread 0x0000025f543af990 Uncommon trap: reason=profile_predicate action=maybe_recompile pc=0x0000025f07c0c214 method=java.awt.LinearGradientPaintContext.fillRaster([IIIIIII)V @ 53 c2
Event: 54.474 Thread 0x0000025f543af990 DEOPT PACKING pc=0x0000025f07c0c214 sp=0x000000f7d90fc260
Event: 54.474 Thread 0x0000025f543af990 DEOPT UNPACKING pc=0x0000025f07584402 sp=0x000000f7d90fc1d8 mode 2
Event: 54.474 Thread 0x0000025f543af990 Uncommon trap: trap_request=0xffffffbe fr.pc=0x0000025f07c0c214 relative=0x00000000000006b4
Event: 54.474 Thread 0x0000025f543af990 Uncommon trap: reason=profile_predicate action=maybe_recompile pc=0x0000025f07c0c214 method=java.awt.LinearGradientPaintContext.fillRaster([IIIIIII)V @ 53 c2
Event: 54.474 Thread 0x0000025f543af990 DEOPT PACKING pc=0x0000025f07c0c214 sp=0x000000f7d90fc260
Event: 54.474 Thread 0x0000025f543af990 DEOPT UNPACKING pc=0x0000025f07584402 sp=0x000000f7d90fc1d8 mode 2
Event: 54.474 Thread 0x0000025f543af990 Uncommon trap: trap_request=0xffffffbe fr.pc=0x0000025f07c0c214 relative=0x00000000000006b4
Event: 54.474 Thread 0x0000025f543af990 Uncommon trap: reason=profile_predicate action=maybe_recompile pc=0x0000025f07c0c214 method=java.awt.LinearGradientPaintContext.fillRaster([IIIIIII)V @ 53 c2
Event: 54.474 Thread 0x0000025f543af990 DEOPT PACKING pc=0x0000025f07c0c214 sp=0x000000f7d90fc260
Event: 54.474 Thread 0x0000025f543af990 DEOPT UNPACKING pc=0x0000025f07584402 sp=0x000000f7d90fc1d8 mode 2

Classes loaded (20 events):
Event: 54.056 Loading class javax/swing/plaf/basic/BasicOptionPaneUI$2
Event: 54.057 Loading class javax/swing/plaf/basic/BasicOptionPaneUI$2 done
Event: 54.057 Loading class javax/swing/plaf/basic/BasicOptionPaneUI$Handler
Event: 54.057 Loading class javax/swing/plaf/basic/BasicOptionPaneUI$Handler done
Event: 54.070 Loading class javax/swing/plaf/basic/BasicOptionPaneUI$Actions
Event: 54.070 Loading class javax/swing/plaf/basic/BasicOptionPaneUI$Actions done
Event: 54.071 Loading class java/awt/GridBagLayoutInfo
Event: 54.072 Loading class java/awt/GridBagLayoutInfo done
Event: 54.075 Loading class javax/swing/JOptionPane$1
Event: 54.075 Loading class javax/swing/JOptionPane$1 done
Event: 54.075 Loading class javax/swing/JOptionPane$2
Event: 54.075 Loading class javax/swing/JOptionPane$2 done
Event: 54.075 Loading class javax/swing/JOptionPane$3
Event: 54.075 Loading class javax/swing/JOptionPane$3 done
Event: 54.092 Loading class javax/swing/plaf/nimbus/OptionPanePainter
Event: 54.093 Loading class javax/swing/plaf/nimbus/OptionPanePainter done
Event: 55.325 Loading class java/util/WeakHashMap$KeyIterator
Event: 55.325 Loading class java/util/WeakHashMap$HashIterator
Event: 55.326 Loading class java/util/WeakHashMap$HashIterator done
Event: 55.326 Loading class java/util/WeakHashMap$KeyIterator done

Classes unloaded (0 events):
No events

Classes redefined (0 events):
No events

Internal exceptions (20 events):
Event: 0.251 Thread 0x0000025f66974110 Exception <a 'java/lang/ClassNotFoundException'{0x0000000620d56230}: RootPane> (0x0000000620d56230) 
thrown [s\open\src\hotspot\share\classfile\systemDictionary.cpp, line 313]
Event: 0.253 Thread 0x0000025f66974110 Exception <a 'java/lang/ClassNotFoundException'{0x0000000620d59090}: com/sun/swing/internal/plaf/metal/resources/spi/metalProvider> (0x0000000620d59090) 
thrown [s\open\src\hotspot\share\classfile\systemDictionary.cpp, line 313]
Event: 0.253 Thread 0x0000025f66974110 Exception <a 'java/lang/ClassNotFoundException'{0x0000000620d5cda0}: com/sun/swing/internal/plaf/basic/resources/spi/basicProvider> (0x0000000620d5cda0) 
thrown [s\open\src\hotspot\share\classfile\systemDictionary.cpp, line 313]
Event: 0.424 Thread 0x0000025f543af990 Exception <a 'java/lang/ClassNotFoundException'{0x0000000620e03620}: com/sun/swing/internal/plaf/synth/resources/spi/synthProvider> (0x0000000620e03620) 
thrown [s\open\src\hotspot\share\classfile\systemDictionary.cpp, line 313]
Event: 0.438 Thread 0x0000025f543af990 Exception <a 'java/lang/NoSuchMethodError'{0x0000000620e47850}: 'int java.lang.invoke.Invokers$Holder.invokeExact_MT(java.lang.Object, java.lang.Object)'> (0x0000000620e47850) 
thrown [s\open\src\hotspot\share\interpreter\linkResolver.cpp, line 796]
Event: 0.449 Thread 0x0000025f543af990 Exception <a 'java/lang/NoSuchMethodError'{0x0000000620e55bd0}: 'java.lang.Object java.lang.invoke.DirectMethodHandle$Holder.newInvokeSpecial(java.lang.Object, java.lang.Object, int)'> (0x0000000620e55bd0) 
thrown [s\open\src\hotspot\share\interpreter\linkResolver.cpp, line 796]
Event: 0.451 Thread 0x0000025f543af990 Exception <a 'java/lang/NoSuchMethodError'{0x0000000620ee4fd0}: 'java.lang.Object java.lang.invoke.DirectMethodHandle$Holder.invokeStatic(java.lang.Object, java.lang.Object, java.lang.Object, java.lang.Object, int)'> (0x0000000620ee4fd0) 
thrown [s\open\src\hotspot\share\interpreter\linkResolver.cpp, line 796]
Event: 0.452 Thread 0x0000025f543af990 Exception <a 'java/lang/NoSuchMethodError'{0x0000000620eed768}: 'int java.lang.invoke.DirectMethodHandle$Holder.invokeSpecial(java.lang.Object, java.lang.Object, java.lang.Object)'> (0x0000000620eed768) 
thrown [s\open\src\hotspot\share\interpreter\linkResolver.cpp, line 796]
Event: 0.529 Thread 0x0000025f543b3b30 Exception <a 'java/lang/NoSuchMethodError'{0x00000006213e5fc0}: 'void java.lang.invoke.DirectMethodHandle$Holder.invokeVirtual(java.lang.Object, java.lang.Object)'> (0x00000006213e5fc0) 
thrown [s\open\src\hotspot\share\interpreter\linkResolver.cpp, line 796]
Event: 0.543 Thread 0x0000025f543af990 Exception <a 'java/lang/NoSuchMethodError'{0x00000006208e8680}: 'void java.lang.invoke.DirectMethodHandle$Holder.invokeStaticInit(java.lang.Object)'> (0x00000006208e8680) 
thrown [s\open\src\hotspot\share\interpreter\linkResolver.cpp, line 796]
Event: 40.821 Thread 0x0000025f543af990 Exception <a 'java/lang/NoSuchMethodError'{0x000000062075ccb8}: 'void java.lang.invoke.DirectMethodHandle$Holder.invokeStatic(java.lang.Object, java.lang.Object)'> (0x000000062075ccb8) 
thrown [s\open\src\hotspot\share\interpreter\linkResolver.cpp, line 796]
Event: 40.862 Thread 0x0000025f543af990 Implicit null exception at 0x0000025f07b5328c to 0x0000025f07b5350a
Event: 41.226 Thread 0x0000025f543af990 Exception <a 'java/lang/NoSuchMethodError'{0x0000000620078048}: 'int java.lang.invoke.DirectMethodHandle$Holder.invokeStatic(java.lang.Object)'> (0x0000000620078048) 
thrown [s\open\src\hotspot\share\interpreter\linkResolver.cpp, line 796]
Event: 53.990 Thread 0x0000025f543af990 Exception <a 'java/lang/NoSuchMethodError'{0x00000006213e7980}: 'long java.lang.invoke.DirectMethodHandle$Holder.invokeSpecial(java.lang.Object, java.lang.Object)'> (0x00000006213e7980) 
thrown [s\open\src\hotspot\share\interpreter\linkResolver.cpp, line 796]
Event: 53.991 Thread 0x0000025f543af990 Exception <a 'java/lang/NoSuchMethodError'{0x00000006213eb070}: 'long java.lang.invoke.Invokers$Holder.invokeExact_MT(java.lang.Object, java.lang.Object)'> (0x00000006213eb070) 
thrown [s\open\src\hotspot\share\interpreter\linkResolver.cpp, line 796]
Event: 54.041 Thread 0x0000025f543b13d0 Exception <a 'java/lang/NoSuchMethodError'{0x0000000620ca2120}: 'java.lang.Object java.lang.invoke.DirectMethodHandle$Holder.newInvokeSpecial(java.lang.Object, java.lang.Object, java.lang.Object, int, int, int, int, int)'> (0x0000000620ca2120) 
thrown [s\open\src\hotspot\share\interpreter\linkResolver.cpp, line 796]
Event: 54.473 Thread 0x0000025f543af990 Implicit null exception at 0x0000025f07c0bc21 to 0x0000025f07c0c1db
Event: 54.474 Thread 0x0000025f543af990 Implicit null exception at 0x0000025f07c0bc21 to 0x0000025f07c0c1db
Event: 54.474 Thread 0x0000025f543af990 Implicit null exception at 0x0000025f07c0bc21 to 0x0000025f07c0c1db
Event: 54.474 Thread 0x0000025f543af990 Implicit null exception at 0x0000025f07c0bc21 to 0x0000025f07c0c1db

VM Operations (20 events):
Event: 40.834 Executing VM operation: HandshakeAllThreads (Deoptimize)
Event: 40.834 Executing VM operation: HandshakeAllThreads (Deoptimize) done
Event: 40.836 Executing VM operation: HandshakeAllThreads (Deoptimize)
Event: 40.836 Executing VM operation: HandshakeAllThreads (Deoptimize) done
Event: 40.836 Executing VM operation: HandshakeAllThreads (Deoptimize)
Event: 40.836 Executing VM operation: HandshakeAllThreads (Deoptimize) done
Event: 41.172 Executing VM operation: HandshakeAllThreads (Deoptimize)
Event: 41.172 Executing VM operation: HandshakeAllThreads (Deoptimize) done
Event: 41.240 Executing VM operation: HandshakeAllThreads (Deoptimize)
Event: 41.240 Executing VM operation: HandshakeAllThreads (Deoptimize) done
Event: 41.269 Executing VM operation: HandshakeAllThreads (Deoptimize)
Event: 41.269 Executing VM operation: HandshakeAllThreads (Deoptimize) done
Event: 48.213 Executing VM operation: G1CollectForAllocation (G1 Evacuation Pause)
Event: 48.217 Executing VM operation: G1CollectForAllocation (G1 Evacuation Pause) done
Event: 53.989 Executing VM operation: HandshakeAllThreads (Deoptimize)
Event: 53.989 Executing VM operation: HandshakeAllThreads (Deoptimize) done
Event: 54.034 Executing VM operation: HandshakeAllThreads (Deoptimize)
Event: 54.034 Executing VM operation: HandshakeAllThreads (Deoptimize) done
Event: 54.036 Executing VM operation: HandshakeAllThreads (Deoptimize)
Event: 54.036 Executing VM operation: HandshakeAllThreads (Deoptimize) done

Memory protections (0 events):
No events

Nmethod flushes (0 events):
No events

Events (20 events):
Event: 41.173 Thread 0x0000025f543af300 Thread exited: 0x0000025f543af300
Event: 41.215 Thread 0x0000025f543af990 Thread added: 0x0000025f543b41c0
Event: 41.216 Thread 0x0000025f543b41c0 Thread exited: 0x0000025f543b41c0
Event: 41.312 Thread 0x0000025f5402c3e0 Thread added: 0x0000025f637acaf0
Event: 41.539 Thread 0x0000025f637acaf0 Thread exited: 0x0000025f637acaf0
Event: 43.026 Thread 0x0000025f543af990 Thread added: 0x0000025f543b41c0
Event: 43.028 Thread 0x0000025f543b41c0 Thread exited: 0x0000025f543b41c0
Event: 45.837 Thread 0x0000025f543af990 Thread added: 0x0000025f543b41c0
Event: 45.838 Thread 0x0000025f543b41c0 Thread exited: 0x0000025f543b41c0
Event: 46.757 Thread 0x0000025f543af990 Thread added: 0x0000025f543b41c0
Event: 46.765 Thread 0x0000025f543b41c0 Thread exited: 0x0000025f543b41c0
Event: 48.218 Thread 0x0000025f5402eea0 Thread added: 0x0000025f63dd1040
Event: 48.222 Thread 0x0000025f543af990 Thread added: 0x0000025f543adf50
Event: 48.223 Thread 0x0000025f543adf50 Thread exited: 0x0000025f543adf50
Event: 48.622 Thread 0x0000025f63dd1040 Thread exited: 0x0000025f63dd1040
Event: 49.302 Thread 0x0000025f543af990 Thread added: 0x0000025f543ad8c0
Event: 49.307 Thread 0x0000025f543ad8c0 Thread exited: 0x0000025f543ad8c0
Event: 51.413 Thread 0x0000025f543af990 Thread added: 0x0000025f543ad8c0
Event: 51.416 Thread 0x0000025f543ad8c0 Thread exited: 0x0000025f543ad8c0
Event: 54.038 Thread 0x0000025f543af990 Thread added: 0x0000025f543b13d0


Dynamic libraries:
0x00007ff774590000 - 0x00007ff7745a0000 	C:\Program Files\Java\jdk-23\bin\java.exe
0x00007ffec6270000 - 0x00007ffec6468000 	C:\Windows\SYSTEM32\ntdll.dll
0x00007ffec5340000 - 0x00007ffec5402000 	C:\Windows\System32\KERNEL32.DLL
0x00007ffec3af0000 - 0x00007ffec3de6000 	C:\Windows\System32\KERNELBASE.dll
0x00007ffec4120000 - 0x00007ffec4220000 	C:\Windows\System32\ucrtbase.dll
0x00007ffeaa600000 - 0x00007ffeaa61b000 	C:\Program Files\Java\jdk-23\bin\VCRUNTIME140.dll
0x00007ffeaa4b0000 - 0x00007ffeaa4c7000 	C:\Program Files\Java\jdk-23\bin\jli.dll
0x00007ffec46d0000 - 0x00007ffec486d000 	C:\Windows\System32\USER32.dll
0x00007ffeade50000 - 0x00007ffeae0ea000 	C:\Windows\WinSxS\amd64_microsoft.windows.common-controls_6595b64144ccf1df_6.0.19041.5794_none_60bcd33171f2783c\COMCTL32.dll
0x00007ffec3940000 - 0x00007ffec3962000 	C:\Windows\System32\win32u.dll
0x00007ffec4630000 - 0x00007ffec46ce000 	C:\Windows\System32\msvcrt.dll
0x00007ffec44f0000 - 0x00007ffec451b000 	C:\Windows\System32\GDI32.dll
0x00007ffec3ea0000 - 0x00007ffec3fba000 	C:\Windows\System32\gdi32full.dll
0x00007ffec39c0000 - 0x00007ffec3a5d000 	C:\Windows\System32\msvcp_win.dll
0x00007ffec5510000 - 0x00007ffec553f000 	C:\Windows\System32\IMM32.DLL
0x00007ffeac9f0000 - 0x00007ffeac9fc000 	C:\Program Files\Java\jdk-23\bin\vcruntime140_1.dll
0x00007ffea81c0000 - 0x00007ffea824e000 	C:\Program Files\Java\jdk-23\bin\msvcp140.dll
0x00007ffe0c490000 - 0x00007ffe0d1e0000 	C:\Program Files\Java\jdk-23\bin\server\jvm.dll
0x00007ffec4990000 - 0x00007ffec4a3f000 	C:\Windows\System32\ADVAPI32.dll
0x00007ffec4450000 - 0x00007ffec44ef000 	C:\Windows\System32\sechost.dll
0x00007ffec4a40000 - 0x00007ffec4b63000 	C:\Windows\System32\RPCRT4.dll
0x00007ffec3910000 - 0x00007ffec3937000 	C:\Windows\System32\bcrypt.dll
0x00007ffec51b0000 - 0x00007ffec521b000 	C:\Windows\System32\WS2_32.dll
0x00007ffec3770000 - 0x00007ffec37bb000 	C:\Windows\SYSTEM32\POWRPROF.dll
0x00007ffeb7170000 - 0x00007ffeb7197000 	C:\Windows\SYSTEM32\WINMM.dll
0x00007ffeb7600000 - 0x00007ffeb760a000 	C:\Windows\SYSTEM32\VERSION.dll
0x00007ffec3750000 - 0x00007ffec3762000 	C:\Windows\SYSTEM32\UMPDC.dll
0x00007ffec17b0000 - 0x00007ffec17c2000 	C:\Windows\SYSTEM32\kernel.appcore.dll
0x00007ffeaa5f0000 - 0x00007ffeaa5fa000 	C:\Program Files\Java\jdk-23\bin\jimage.dll
0x00007ffebca10000 - 0x00007ffebcc11000 	C:\Windows\SYSTEM32\DBGHELP.DLL
0x00007ffea93a0000 - 0x00007ffea93d4000 	C:\Windows\SYSTEM32\dbgcore.DLL
0x00007ffec3a60000 - 0x00007ffec3ae2000 	C:\Windows\System32\bcryptPrimitives.dll
0x00007ffea8870000 - 0x00007ffea888e000 	C:\Program Files\Java\jdk-23\bin\java.dll
0x00007ffec4b70000 - 0x00007ffec4c9b000 	C:\Windows\System32\ole32.dll
0x00007ffec4d10000 - 0x00007ffec5063000 	C:\Windows\System32\combase.dll
0x00007ffec5540000 - 0x00007ffec5cae000 	C:\Windows\System32\SHELL32.dll
0x00007ffec19b0000 - 0x00007ffec2153000 	C:\Windows\SYSTEM32\windows.storage.dll
0x00007ffec3270000 - 0x00007ffec329b000 	C:\Windows\SYSTEM32\Wldp.dll
0x00007ffec5420000 - 0x00007ffec54ed000 	C:\Windows\System32\OLEAUT32.dll
0x00007ffec4880000 - 0x00007ffec492d000 	C:\Windows\System32\SHCORE.dll
0x00007ffec5150000 - 0x00007ffec51a5000 	C:\Windows\System32\shlwapi.dll
0x00007ffec3840000 - 0x00007ffec3865000 	C:\Windows\SYSTEM32\profapi.dll
0x00007ffea7280000 - 0x00007ffea7357000 	C:\Program Files\Java\jdk-23\bin\jsvml.dll
0x00007ffeaa480000 - 0x00007ffeaa490000 	C:\Program Files\Java\jdk-23\bin\net.dll
0x00007ffec2fd0000 - 0x00007ffec303c000 	C:\Windows\system32\mswsock.dll
0x00007ffea8790000 - 0x00007ffea87a6000 	C:\Program Files\Java\jdk-23\bin\nio.dll
0x00007ffea86d0000 - 0x00007ffea86e7000 	C:\Program Files\Java\jdk-23\bin\zip.dll
0x00007ffe9a970000 - 0x00007ffe9aafe000 	C:\Program Files\Java\jdk-23\bin\awt.dll
0x00007ffec0b30000 - 0x00007ffec0bc4000 	C:\Windows\SYSTEM32\apphelp.dll
0x00007ffec12a0000 - 0x00007ffec133e000 	C:\Windows\system32\uxtheme.dll
0x00007ffec5220000 - 0x00007ffec5335000 	C:\Windows\System32\MSCTF.dll
0x00007ffec14b0000 - 0x00007ffec14df000 	C:\Windows\system32\DWMAPI.DLL
0x00007ffea7ac0000 - 0x00007ffea7b47000 	C:\Program Files\Java\jdk-23\bin\freetype.dll
0x00007ffe8cfd0000 - 0x00007ffe8d0a7000 	C:\Program Files\Java\jdk-23\bin\fontmanager.dll
0x00007ffe390c0000 - 0x00007ffe391e8000 	C:\Windows\system32\opengl32.dll
0x00007ffe38a60000 - 0x00007ffe38a8c000 	C:\Windows\SYSTEM32\GLU32.dll
0x00007ffe3ccb0000 - 0x00007ffe4065e000 	C:\Windows\System32\DriverStore\FileRepository\u0410212.inf_amd64_daae2c8b5eb35aaa\B409877\AMDXN64.DLL
0x00007ffec5dc0000 - 0x00007ffec6230000 	C:\Windows\System32\SETUPAPI.dll
0x00007ffec3970000 - 0x00007ffec39be000 	C:\Windows\System32\cfgmgr32.dll
0x00007ffec21a0000 - 0x00007ffec2296000 	C:\Windows\SYSTEM32\dxgi.dll
0x00007ffeb6be0000 - 0x00007ffeb6c19000 	C:\Windows\System32\DriverStore\FileRepository\u0410212.inf_amd64_daae2c8b5eb35aaa\B409877\amdihk64.dll
0x00007ffebb6b0000 - 0x00007ffebb6eb000 	C:\Windows\SYSTEM32\dxcore.dll
0x00007ffec5d10000 - 0x00007ffec5db9000 	C:\Windows\System32\clbcatq.dll
0x00007ffec10b0000 - 0x00007ffec1264000 	C:\Windows\SYSTEM32\WindowsCodecs.dll
0x00007ffea3960000 - 0x00007ffea399e000 	C:\Windows\system32\dataexchange.dll
0x00007ffebf2c0000 - 0x00007ffebf524000 	C:\Windows\system32\d3d11.dll
0x00007ffebfbc0000 - 0x00007ffebfda4000 	C:\Windows\system32\dcomp.dll
0x00007ffebd450000 - 0x00007ffebd653000 	C:\Windows\system32\twinapi.appcore.dll
0x00007ffeb5ef0000 - 0x00007ffeb5fe9000 	C:\Windows\SYSTEM32\textinputframework.dll
0x00007ffec0500000 - 0x00007ffec085b000 	C:\Windows\System32\CoreUIComponents.dll
0x00007ffec0860000 - 0x00007ffec0952000 	C:\Windows\System32\CoreMessaging.dll
0x00007ffec2b40000 - 0x00007ffec2b73000 	C:\Windows\SYSTEM32\ntmarta.dll
0x00007ffec02a0000 - 0x00007ffec03f7000 	C:\Windows\SYSTEM32\wintypes.dll
0x00007ffeabcd0000 - 0x00007ffeabd80000 	C:\Windows\WinSxS\amd64_microsoft.windows.common-controls_6595b64144ccf1df_5.82.19041.4355_none_792ecafd2442822f\comctl32.dll
0x00007ffebe930000 - 0x00007ffebea24000 	C:\Windows\SYSTEM32\PROPSYS.dll
0x00007ffeab030000 - 0x00007ffeab047000 	C:\Windows\system32\NetworkExplorer.dll
0x00007ffead180000 - 0x00007ffead19d000 	C:\Windows\SYSTEM32\MPR.dll
0x00007ffe97830000 - 0x00007ffe9783b000 	C:\Windows\System32\drprov.dll
0x00007ffec3640000 - 0x00007ffec369b000 	C:\Windows\System32\WINSTA.dll
0x00007ffe97810000 - 0x00007ffe9782f000 	C:\Windows\System32\ntlanman.dll
0x00007ffe977f0000 - 0x00007ffe9780e000 	C:\Windows\System32\davclnt.dll
0x00007ffe977e0000 - 0x00007ffe977ed000 	C:\Windows\System32\DAVHLPR.dll
0x00007ffec2a10000 - 0x00007ffec2a29000 	C:\Windows\System32\wkscli.dll
0x00007ffeab010000 - 0x00007ffeab022000 	C:\Windows\SYSTEM32\cscapi.dll
0x00007ffec2dc0000 - 0x00007ffec2dcc000 	C:\Windows\System32\netutils.dll
0x00007ffea3780000 - 0x00007ffea37d6000 	C:\Windows\System32\dlnashext.dll
0x00007ffea2be0000 - 0x00007ffea2c44000 	C:\Windows\System32\PlayToDevice.dll
0x00007ffeb1920000 - 0x00007ffeb1940000 	C:\Windows\System32\DevDispItemProvider.dll
0x00007ffebe130000 - 0x00007ffebe1b9000 	C:\Windows\System32\MMDevApi.dll
0x00007ffec35d0000 - 0x00007ffec3603000 	C:\Windows\System32\DEVOBJ.dll
0x00007ffe998c0000 - 0x00007ffe99961000 	C:\Windows\system32\wpdshext.dll
0x00007ffeabe10000 - 0x00007ffeabfb7000 	C:\Windows\WinSxS\amd64_microsoft.windows.gdiplus_6595b64144ccf1df_1.1.19041.5848_none_91a26960cc89da2c\gdiplus.dll
0x00007ffebfaf0000 - 0x00007ffebfb93000 	C:\Windows\System32\PortableDeviceApi.dll
0x00007ffec4220000 - 0x00007ffec4293000 	C:\Windows\System32\WINTRUST.dll
0x00007ffec3fc0000 - 0x00007ffec411d000 	C:\Windows\System32\CRYPT32.dll
0x00007ffec3400000 - 0x00007ffec3412000 	C:\Windows\SYSTEM32\MSASN1.dll
0x00007ffe9f130000 - 0x00007ffe9f167000 	C:\Windows\System32\EhStorShell.dll
0x00007ffea85a0000 - 0x00007ffea85c6000 	C:\Windows\System32\EhStorAPI.dll
0x00007ffebee30000 - 0x00007ffebee44000 	C:\Windows\System32\WTSAPI32.dll
0x00007ffea4e60000 - 0x00007ffea4e6d000 	C:\Windows\SYSTEM32\LINKINFO.dll
0x00007ffe74d20000 - 0x00007ffe74d4e000 	C:\Program Files\Java\jdk-23\bin\javajpeg.dll

dbghelp: loaded successfully - version: 4.0.5 - missing functions: none
symbol engine: initialized successfully - sym options: 0x614 - pdb path: .;C:\Program Files\Java\jdk-23\bin;C:\Windows\SYSTEM32;C:\Windows\WinSxS\amd64_microsoft.windows.common-controls_6595b64144ccf1df_6.0.19041.5794_none_60bcd33171f2783c;C:\Program Files\Java\jdk-23\bin\server;C:\Windows\System32\DriverStore\FileRepository\u0410212.inf_amd64_daae2c8b5eb35aaa\B409877;C:\Windows\WinSxS\amd64_microsoft.windows.common-controls_6595b64144ccf1df_5.82.19041.4355_none_792ecafd2442822f;C:\Windows\WinSxS\amd64_microsoft.windows.gdiplus_6595b64144ccf1df_1.1.19041.5848_none_91a26960cc89da2c

VM Arguments:
java_command: Pl2_interfaz.Añadir_Evento
java_class_path (initial): C:\Users\Alejandro\Documents\NetBeansProjects\PL2-Daniel\Alejandro\PL2\PL2_JAVA\target\classes;C:\Users\Alejandro\.m2\repository\org\eclipse\angus\angus-mail\2.0.2\angus-mail-2.0.2.jar;C:\Users\Alejandro\.m2\repository\jakarta\activation\jakarta.activation-api\2.1.2\jakarta.activation-api-2.1.2.jar;C:\Users\Alejandro\.m2\repository\jakarta\mail\jakarta.mail-api\2.1.2\jakarta.mail-api-2.1.2.jar;C:\Users\Alejandro\.m2\repository\org\eclipse\angus\angus-activation\2.0.1\angus-activation-2.0.1.jar
Launcher Type: SUN_STANDARD

[Global flags]
     intx CICompilerCount                          = 4                                         {product} {ergonomic}
     uint ConcGCThreads                            = 3                                         {product} {ergonomic}
     uint G1ConcRefinementThreads                  = 10                                        {product} {ergonomic}
   size_t G1HeapRegionSize                         = 4194304                                   {product} {ergonomic}
   size_t InitialHeapSize                          = 536870912                                 {product} {ergonomic}
   size_t MarkStackSize                            = 4194304                                   {product} {ergonomic}
   size_t MarkStackSizeMax                         = 536870912                                 {product} {ergonomic}
   size_t MaxHeapSize                              = 8568963072                                {product} {ergonomic}
   size_t MaxNewSize                               = 5138022400                                {product} {ergonomic}
   size_t MinHeapDeltaBytes                        = 4194304                                   {product} {ergonomic}
   size_t MinHeapSize                              = 8388608                                   {product} {ergonomic}
    uintx NonNMethodCodeHeapSize                   = 5832704                                {pd product} {ergonomic}
    uintx NonProfiledCodeHeapSize                  = 122945536                              {pd product} {ergonomic}
    uintx ProfiledCodeHeapSize                     = 122880000                              {pd product} {ergonomic}
    uintx ReservedCodeCacheSize                    = 251658240                              {pd product} {ergonomic}
     bool SegmentedCodeCache                       = true                                      {product} {ergonomic}
   size_t SoftMaxHeapSize                          = 8568963072                             {manageable} {ergonomic}
     bool UseCompressedOops                        = true                           {product lp64_product} {ergonomic}
     bool UseG1GC                                  = true                                      {product} {ergonomic}
     bool UseLargePagesIndividualAllocation        = false                                  {pd product} {ergonomic}

Logging:
Log output configuration:
 #0: stdout all=warning uptime,level,tags foldmultilines=false
 #1: stderr all=off uptime,level,tags foldmultilines=false

Environment Variables:
JAVA_HOME=C:\Program Files\Java\jdk-23
PATH=C:\Program Files (x86)\VMware\VMware Workstation\bin\;C:\Program Files\Common Files\Oracle\Java\javapath;C:\Program Files\Broadcom\Broadcom 802.11 Network Adapter;C:\Windows\system32;C:\Windows;C:\Windows\System32\Wbem;C:\Windows\System32\WindowsPowerShell\v1.0\;C:\Windows\System32\OpenSSH\;C:\Program Files\Git\cmd;C:\Users\Alejandro\AppData\Local\Microsoft\WindowsApps;C:\Users\Alejandro\AppData\Local\Programs\Microsoft VS Code\bin
USERNAME=Alejandro
OS=Windows_NT
PROCESSOR_IDENTIFIER=Intel64 Family 6 Model 63 Stepping 2, GenuineIntel
TMP=C:\Users\ALEJAN~1\AppData\Local\Temp
TEMP=C:\Users\ALEJAN~1\AppData\Local\Temp




Periodic native trim disabled

---------------  S Y S T E M  ---------------

OS:
 Windows 10 , 64 bit Build 19041 (10.0.19041.5794)
OS uptime: 0 days 9:07 hours

CPU: total 12 (initial active 12) (6 cores per cpu, 2 threads per core) family 6 model 63 stepping 2 microcode 0x43, cx8, cmov, fxsr, ht, mmx, sse, sse2, sse3, ssse3, sse4.1, sse4.2, popcnt, lzcnt, tsc, tscinvbit, avx, avx2, aes, erms, clmul, bmi1, bmi2, fma, vzeroupper, clflush, rdtscp, f16c
Processor Information for the first 12 processors :
  Max Mhz: 3301, Current Mhz: 3301, Mhz Limit: 3301

Memory: 4k page, system-wide physical 32677M (19122M free)
TotalPageFile size 37541M (AvailPageFile size 20629M)
current process WorkingSet (physical memory assigned to process): 159M, peak: 192M
current process commit charge ("private bytes"): 705M, peak: 737M

vm_info: Java HotSpot(TM) 64-Bit Server VM (23.0.2+7-58) for windows-amd64 JRE (23.0.2+7-58), built on 2024-11-29T09:34:55Z with MS VC++ 17.6 (VS2022)

END.
